[29/06/23 19:06:26:719 UTC]  INFO loggers.Log4jUtil: Async Logger enabled: true
[29/06/23 19:06:26:736 UTC]  INFO listeners.ContextLifecycleListener: Installing the web socket
[29/06/23 19:06:28:215 UTC]  INFO business.CacheLocator: loading cache administrator: ChainableCacheAdministratorImpl
[29/06/23 19:06:29:087 UTC]  INFO db.DataSourceStrategyProvider: Datasource loaded using custom class com.dotmarketing.db.SystemEnvDataSourceStrategy
[29/06/23 19:06:29:133 UTC]  INFO cfg.Environment: Hibernate 2.1.8
[29/06/23 19:06:29:136 UTC]  INFO cfg.Environment: hibernate.properties not found
[29/06/23 19:06:29:139 UTC]  INFO cfg.Environment: using CGLIB reflection optimizer
[29/06/23 19:06:29:144 UTC]  INFO cfg.Environment: using JDK 1.4 java.sql.Timestamp handling
[29/06/23 19:06:29:153 UTC]  INFO cfg.Configuration: configuring from resource: /hibernate.cfg.xml
[29/06/23 19:06:29:155 UTC]  INFO cfg.Configuration: Configuration resource: /hibernate.cfg.xml
[29/06/23 19:06:29:388 UTC]  INFO cfg.Configuration: Configured SessionFactory: null
[29/06/23 19:06:29:390 UTC]  INFO cfg.Configuration: Mapping resource: META-INF/portal-hbm.xml
[29/06/23 19:06:29:565 UTC]  INFO cfg.Binder: Mapping class: com.liferay.portal.ejb.AddressHBM -> Address
[29/06/23 19:06:29:794 UTC]  INFO cfg.Binder: Mapping class: com.liferay.portal.ejb.CompanyHBM -> Company
[29/06/23 19:06:29:809 UTC]  INFO cfg.Binder: Mapping class: com.liferay.portal.ejb.ImageHBM -> Image
[29/06/23 19:06:29:814 UTC]  INFO cfg.Binder: Mapping class: com.liferay.portal.ejb.PasswordTrackerHBM -> PasswordTracker
[29/06/23 19:06:29:825 UTC]  INFO cfg.Binder: Mapping class: com.liferay.portal.ejb.UserHBM -> User_
[29/06/23 19:06:29:840 UTC]  INFO cfg.Binder: Mapping class: com.liferay.portal.ejb.UserTrackerHBM -> UserTracker
[29/06/23 19:06:29:845 UTC]  INFO cfg.Binder: Mapping class: com.liferay.portal.ejb.UserTrackerPathHBM -> UserTrackerPath
[29/06/23 19:06:29:851 UTC]  INFO cfg.Binder: Mapping class: com.liferay.portlet.admin.ejb.AdminConfigHBM -> AdminConfig
[29/06/23 19:06:29:852 UTC]  INFO cfg.Configuration: Mapping resource: com/dotmarketing/beans/DotCMSSeq.hbm.xml
[29/06/23 19:06:29:914 UTC]  INFO cfg.Binder: Mapping class: com.dotmarketing.beans.Inode -> inode
[29/06/23 19:06:29:961 UTC]  INFO cfg.Binder: Mapping joined-subclass: com.dotmarketing.portlets.containers.model.Container -> dot_containers
[29/06/23 19:06:29:969 UTC]  INFO cfg.Binder: Mapping joined-subclass: com.dotmarketing.portlets.links.model.Link -> links
[29/06/23 19:06:29:974 UTC]  INFO cfg.Binder: Mapping joined-subclass: com.dotmarketing.portlets.structure.model.Field -> field
[29/06/23 19:06:29:977 UTC]  INFO cfg.Binder: Mapping class: com.dotmarketing.portlets.workflows.model.WorkflowTask -> workflow_task
[29/06/23 19:06:29:982 UTC]  INFO cfg.Binder: Mapping class: com.dotmarketing.portlets.workflows.model.WorkflowComment -> workflow_comment
[29/06/23 19:06:29:985 UTC]  INFO cfg.Binder: Mapping class: com.dotmarketing.portlets.workflows.model.WorkflowHistory -> workflow_history
[29/06/23 19:06:29:987 UTC]  INFO cfg.Binder: Mapping class: com.dotmarketing.portlets.workflows.model.WorkFlowTaskFiles -> workflowtask_files
[29/06/23 19:06:29:997 UTC]  INFO cfg.Binder: Mapping class: com.dotmarketing.beans.Permission -> permission
[29/06/23 19:06:30:002 UTC]  INFO cfg.Binder: Mapping class: com.dotmarketing.beans.PermissionReference -> permission_reference
[29/06/23 19:06:30:005 UTC]  INFO cfg.Binder: Mapping class: com.dotmarketing.beans.Tree -> tree
[29/06/23 19:06:30:210 UTC]  INFO cfg.Binder: Mapping class: com.dotmarketing.beans.MultiTree -> multi_tree
[29/06/23 19:06:30:248 UTC]  INFO util.ReflectHelper: reflection optimizer disabled for: com.dotmarketing.beans.MultiTree, BulkBeanException: Index 1 out of bounds for length 0 (property setParent1)
[29/06/23 19:06:30:248 UTC]  INFO cfg.Binder: Mapping class: com.dotmarketing.beans.Clickstream -> clickstream
[29/06/23 19:06:30:282 UTC]  INFO cfg.Binder: Mapping class: com.dotmarketing.beans.ClickstreamRequest -> clickstream_request
[29/06/23 19:06:30:285 UTC]  INFO cfg.Binder: Mapping class: com.dotmarketing.beans.Clickstream404 -> clickstream_404
[29/06/23 19:06:30:295 UTC]  INFO cfg.Binder: Mapping class: com.dotmarketing.tag.model.Tag -> tag
[29/06/23 19:06:30:298 UTC]  INFO cfg.Binder: Mapping class: com.dotmarketing.tag.model.TagInode -> tag_inode
[29/06/23 19:06:30:355 UTC]  INFO cfg.Binder: Mapping class: com.dotmarketing.beans.ChallengeQuestion -> challenge_question
[29/06/23 19:06:30:360 UTC]  INFO cfg.Binder: Mapping class: com.dotmarketing.beans.UsersToDelete -> users_to_delete
[29/06/23 19:06:30:364 UTC]  INFO cfg.Binder: Mapping class: com.dotmarketing.plugin.model.Plugin -> plugin
[29/06/23 19:06:30:372 UTC]  INFO cfg.Binder: Mapping class: com.dotmarketing.business.Role -> cms_role
[29/06/23 19:06:30:376 UTC]  INFO cfg.Binder: Mapping class: com.dotmarketing.business.UsersRoles -> users_cms_roles
[29/06/23 19:06:30:380 UTC]  INFO cfg.Binder: Mapping class: com.dotmarketing.business.LayoutsRoles -> layouts_cms_roles
[29/06/23 19:06:30:383 UTC]  INFO cfg.Binder: Mapping class: com.dotmarketing.business.Layout -> cms_layout
[29/06/23 19:06:30:386 UTC]  INFO cfg.Binder: Mapping class: com.dotmarketing.business.PortletsLayouts -> cms_layouts_portlets
[29/06/23 19:06:30:390 UTC]  INFO cfg.Binder: Mapping class: com.dotmarketing.portlets.hostvariable.model.HostVariable -> host_variable
[29/06/23 19:06:30:398 UTC]  INFO cfg.Binder: Mapping class: com.dotmarketing.beans.FixAudit -> fixes_audit
[29/06/23 19:06:30:402 UTC]  INFO cfg.Binder: Mapping class: com.dotmarketing.beans.ContainerStructure -> container_structures
[29/06/23 19:06:30:409 UTC]  INFO cfg.Binder: Mapping class: com.dotmarketing.portlets.templates.model.TemplateVersionInfo -> template_version_info
[29/06/23 19:06:30:413 UTC]  INFO cfg.Binder: Mapping class: com.dotmarketing.portlets.containers.model.ContainerVersionInfo -> container_version_info
[29/06/23 19:06:30:416 UTC]  INFO cfg.Binder: Mapping class: com.dotmarketing.portlets.links.model.LinkVersionInfo -> link_version_info
[29/06/23 19:06:30:417 UTC]  INFO cfg.Configuration: Mapping resource: com/dotmarketing/beans/DotCMSSeq_NOSQLGEN.hbm.xml
[29/06/23 19:06:30:434 UTC]  INFO cfg.Binder: Mapping class: com.dotmarketing.plugin.model.PluginProperty -> plugin_property
[29/06/23 19:06:30:510 UTC]  INFO cfg.Configuration: processing one-to-many association mappings
[29/06/23 19:06:30:512 UTC]  INFO cfg.Binder: Mapping collection: com.dotmarketing.beans.Clickstream.clickstreamRequests -> clickstream_request
[29/06/23 19:06:30:513 UTC]  INFO cfg.Configuration: processing one-to-one association property references
[29/06/23 19:06:30:514 UTC]  INFO cfg.Configuration: processing foreign key constraints
[29/06/23 19:06:30:543 UTC]  INFO dialect.Dialect: Using dialect: com.dotcms.repackage.net.sf.hibernate.dialect.PostgreSQLDialect
[29/06/23 19:06:30:555 UTC]  INFO cfg.SettingsFactory: Use outer join fetching: true
[29/06/23 19:06:30:562 UTC]  WARN connection.UserSuppliedConnectionProvider: No connection properties specified - the user must supply JDBC connections
[29/06/23 19:06:30:570 UTC]  INFO transaction.TransactionManagerLookupFactory: No TransactionManagerLookup configured (in JTA environment, use of process level read-write cache is not recommended)
[29/06/23 19:06:30:573 UTC]  INFO cfg.SettingsFactory: Use scrollable result sets: true
[29/06/23 19:06:30:574 UTC]  INFO cfg.SettingsFactory: Use JDBC3 getGeneratedKeys(): false
[29/06/23 19:06:30:575 UTC]  INFO cfg.SettingsFactory: Optimize cache for minimal puts: false
[29/06/23 19:06:30:576 UTC]  INFO cfg.SettingsFactory: Query language substitutions: {}
[29/06/23 19:06:30:577 UTC]  INFO cfg.SettingsFactory: cache provider: com.dotmarketing.db.NoCacheProvider
[29/06/23 19:06:30:581 UTC]  INFO cfg.Configuration: instantiating and configuring caches
[29/06/23 19:06:30:601 UTC]  INFO impl.SessionFactoryImpl: building session factory
[29/06/23 19:06:30:916 UTC]  INFO util.ReflectHelper: reflection optimizer disabled for: com.dotmarketing.beans.MultiTree, BulkBeanException: Index 1 out of bounds for length 0 (property setTreeOrder)
[29/06/23 19:06:31:261 UTC]  INFO impl.SessionFactoryObjectFactory: Not binding factory to JNDI, no JNDI name configured
[29/06/23 19:06:31:517 UTC]  WARN license.LicenseManager: Cannot upsert License to db (every 120000 millis)
[29/06/23 19:06:31:520 UTC]  INFO servlets.InitServlet: 
[29/06/23 19:06:31:521 UTC]  INFO servlets.InitServlet:  * Copyright (c) 2023 dotCMS Inc. 
[29/06/23 19:06:31:522 UTC]  INFO servlets.InitServlet:  * This software, code and any modifications to the code are licensed under the terms of the dotCMS Enterprise License 
[29/06/23 19:06:31:523 UTC]  INFO servlets.InitServlet:  * which can be found here : https://www.github.com/dotCMS/core/LICENSE 
[29/06/23 19:06:31:524 UTC]  INFO servlets.InitServlet: 
[29/06/23 19:06:31:535 UTC]  INFO h22.H22Cache: Initing H22 cache db:0
[29/06/23 19:06:31:540 UTC]  INFO h22.H22Cache: Building new H22 Cache, db:0
[29/06/23 19:06:31:572 UTC]  INFO h22.H22HikariPool: H22 on disk cache:jdbc:h2:/data/local/dotsecure/h22cache/0/2023-06-29_19-06-31/cache;MVCC=TRUE;DB_CLOSE_ON_EXIT=FALSE
[29/06/23 19:06:31:857 UTC]  INFO h22.H22Cache: Initing H22 cache db:1
[29/06/23 19:06:31:859 UTC]  INFO h22.H22Cache: Building new H22 Cache, db:1
[29/06/23 19:06:31:860 UTC]  INFO h22.H22HikariPool: H22 on disk cache:jdbc:h2:/data/local/dotsecure/h22cache/1/2023-06-29_19-06-31/cache;MVCC=TRUE;DB_CLOSE_ON_EXIT=FALSE
[29/06/23 19:06:31:925 UTC]  INFO timedcache.TimedCacheProvider: ===== Initializing [Timed Cache Provider].
[29/06/23 19:06:31:928 UTC]  INFO timedcache.TimedCacheProvider: ***	 Cache Config Memory : esquerycache: 10000
[29/06/23 19:06:31:929 UTC]  INFO timedcache.TimedCacheProvider: ***	 Cache Config Memory : esquerycountcache: 10000
[29/06/23 19:06:31:930 UTC]  INFO timedcache.TimedCacheProvider: ***	 Cache Config Memory : graphqlquerycache: 5000
[29/06/23 19:06:31:933 UTC]  INFO timedcache.TimedCacheProvider: ***	 Cache Config Memory : default: 1000
[29/06/23 19:06:31:936 UTC]  INFO timedcache.TimedCacheProvider: ***	 Cache Config Memory : adminconfigpool: 100
[29/06/23 19:06:31:936 UTC]  INFO timedcache.TimedCacheProvider: ***	 Cache Config Memory : companypool: 10
[29/06/23 19:06:31:937 UTC]  INFO timedcache.TimedCacheProvider: ***	 Cache Config Memory : contentletcache: 5000
[29/06/23 19:06:31:940 UTC]  INFO timedcache.TimedCacheProvider: ***	 Cache Config Memory : categoryparentscache: 30000
[29/06/23 19:06:31:941 UTC]  INFO timedcache.TimedCacheProvider: ***	 Cache Config Memory : taginodecache: 50000
[29/06/23 19:06:31:942 UTC]  INFO timedcache.TimedCacheProvider: ***	 Cache Config Memory : taginodesbyinodecache: 50000
[29/06/23 19:06:31:943 UTC]  INFO timedcache.TimedCacheProvider: ***	 Cache Config Memory : tagcache: 50000
[29/06/23 19:06:31:944 UTC]  INFO timedcache.TimedCacheProvider: ***	 Cache Config Memory : csscache: 2500
[29/06/23 19:06:31:945 UTC]  INFO timedcache.TimedCacheProvider: ***	 Cache Config Memory : assetmetadatacache: 10000
[29/06/23 19:06:31:948 UTC]  INFO timedcache.TimedCacheProvider: ***	 Cache Config Memory : identifiercache: 50000
[29/06/23 19:06:31:949 UTC]  INFO timedcache.TimedCacheProvider: ***	 Cache Config Memory : identifier404cache: 30000
[29/06/23 19:06:31:950 UTC]  INFO timedcache.TimedCacheProvider: ***	 Cache Config Memory : indiciescache: 8
[29/06/23 19:06:31:955 UTC]  INFO timedcache.TimedCacheProvider: ***	 Cache Config Memory : logmappercache: 10
[29/06/23 19:06:31:956 UTC]  INFO timedcache.TimedCacheProvider: ***	 Cache Config Memory : navcache: 1000
[29/06/23 19:06:31:956 UTC]  INFO timedcache.TimedCacheProvider: ***	 Cache Config Memory : parentpermissionablecache: 10000
[29/06/23 19:06:31:961 UTC]  INFO timedcache.TimedCacheProvider: ***	 Cache Config Memory : permissioncache: 50000
[29/06/23 19:06:31:963 UTC]  INFO timedcache.TimedCacheProvider: ***	 Cache Config Memory : portletpool: 100
[29/06/23 19:06:31:964 UTC]  INFO timedcache.TimedCacheProvider: ***	 Cache Config Memory : publishingendpointcache: 100
[29/06/23 19:06:31:966 UTC]  INFO timedcache.TimedCacheProvider: ***	 Cache Config Memory : pushedassetscache: 5000
[29/06/23 19:06:31:968 UTC]  INFO timedcache.TimedCacheProvider: ***	 Cache Config Memory : templatecache: 500
[29/06/23 19:06:31:969 UTC]  INFO timedcache.TimedCacheProvider: ***	 Cache Config Memory : translatedquerycache: 5000
[29/06/23 19:06:31:970 UTC]  INFO timedcache.TimedCacheProvider: ***	 Cache Config Memory : versioncache: 50000
[29/06/23 19:06:31:971 UTC]  INFO timedcache.TimedCacheProvider: ***	 Cache Config Memory : versioninfocache: 50000
[29/06/23 19:06:31:972 UTC]  INFO timedcache.TimedCacheProvider: ***	 Cache Config Memory : workflowactioncache: 10000
[29/06/23 19:06:31:973 UTC]  INFO timedcache.TimedCacheProvider: ***	 Cache Config Memory : workflowtaskcache: 10000
[29/06/23 19:06:31:974 UTC]  INFO timedcache.TimedCacheProvider: ***	 Cache Config Memory : shortyidcache: 25000
[29/06/23 19:06:31:974 UTC]  INFO timedcache.TimedCacheProvider: ***	 Cache Config Memory : velocitycache: 5000
[29/06/23 19:06:31:975 UTC]  INFO timedcache.TimedCacheProvider: ***	 Cache Config Memory : vanityurldirectcache: 25000
[29/06/23 19:06:31:976 UTC]  INFO timedcache.TimedCacheProvider: ***	 Cache Config Memory : vanityurlsitecache: 5000
[29/06/23 19:06:32:749 UTC]  INFO servlet.VisitorFilter: VisitorLogger Filter Started
[29/06/23 19:06:33:162 UTC]  INFO util.SystemProperties: Loading file:/srv/dotserver/tomcat-9.0.60/webapps/ROOT/WEB-INF/classes/system.properties
[29/06/23 19:06:33:166 UTC]  INFO util.SystemProperties: Loading file:/srv/dotserver/tomcat-9.0.60/webapps/ROOT/WEB-INF/classes/system-ext.properties
[29/06/23 19:06:33:175 UTC]  INFO util.SystemProperties: Loading file:/srv/dotserver/tomcat-9.0.60/webapps/ROOT/WEB-INF/classes/system.properties
[29/06/23 19:06:33:176 UTC]  INFO util.SystemProperties: Loading file:/srv/dotserver/tomcat-9.0.60/webapps/ROOT/WEB-INF/classes/system-ext.properties
[29/06/23 19:06:34:284 UTC]  INFO util.PropsLoader: Loading file:/srv/dotserver/tomcat-9.0.60/webapps/ROOT/WEB-INF/classes/portal.properties
[29/06/23 19:06:34:287 UTC]  INFO util.PropsLoader: Loading file:/srv/dotserver/tomcat-9.0.60/webapps/ROOT/WEB-INF/classes/portal-ext.properties
[29/06/23 19:06:38:031 UTC]  INFO tiles.TilesPlugin: Tiles definition factory loaded for module ''.
[29/06/23 19:06:38:036 UTC]  INFO validator.ValidatorPlugIn: Loading validation rules file from '/WEB-INF/validator-rules.xml'
[29/06/23 19:06:38:037 UTC]  INFO validator.ValidatorPlugIn: Loading validation rules file from '/WEB-INF/validation.xml'
[29/06/23 19:06:38:206 UTC]  INFO util.RestHighLevelClientProvider: disabling String.intern() in Jackson
[29/06/23 19:06:38:210 UTC]  WARN util.DotRestHighLevelClientProvider: Elastic RestHighLevelClient will be initialized without certificates
[29/06/23 19:06:38:214 UTC]  INFO util.DotRestHighLevelClientProvider: Initializing Elastic RestHighLevelClient using Basic authentication
[29/06/23 19:06:38:224 UTC]  INFO util.DotRestHighLevelClientProvider: Initializing Elastic RestHighLevelClient using endpoints [
[29/06/23 19:06:38:225 UTC]  INFO util.DotRestHighLevelClientProvider:   - http://elasticsearch:9200
[29/06/23 19:06:38:225 UTC]  INFO util.DotRestHighLevelClientProvider: ]
[29/06/23 19:06:38:225 UTC]  WARN util.DotRestHighLevelClientProvider: Initializing Elastic RestHighLevelClient using an unsecured http connection
[29/06/23 19:06:38:792 UTC]  INFO util.DotRestHighLevelClientProvider: RestHighLevelClientProvider com.dotcms.content.elasticsearch.util.DotRestHighLevelClientProvider loaded successfully
[29/06/23 19:06:39:186 UTC]  INFO startup.StartupTasksExecutor: Running Startup Tasks
[29/06/23 19:06:39:404 UTC]  INFO runalways.Task00001LoadSchema: -------------------------------------------------------------------------------------
[29/06/23 19:06:39:404 UTC]  INFO runalways.Task00001LoadSchema: 
[29/06/23 19:06:39:405 UTC]  INFO runalways.Task00001LoadSchema: Empty dotCMS database found.  Loading initial dotCMS schema for PostgreSQL
[29/06/23 19:06:39:405 UTC]  INFO runalways.Task00001LoadSchema: 
[29/06/23 19:06:39:406 UTC]  INFO runalways.Task00001LoadSchema: -------------------------------------------------------------------------------------
[29/06/23 19:06:39:408 UTC]  INFO startup.StartupTasksExecutor: Running Startup Tasks : Task00001LoadSchema
[29/06/23 19:06:39:409 UTC]  INFO runalways.Task00001LoadSchema: Loading schema
[29/06/23 19:06:39:443 UTC]  INFO timedcache.TimedCacheProvider: ===== Initializing [Timed Cache Provider].
[29/06/23 19:06:39:444 UTC]  INFO timedcache.TimedCacheProvider: ***	 Cache Config Memory : esquerycache: 10000
[29/06/23 19:06:39:444 UTC]  INFO timedcache.TimedCacheProvider: ***	 Cache Config Memory : esquerycountcache: 10000
[29/06/23 19:06:39:445 UTC]  INFO timedcache.TimedCacheProvider: ***	 Cache Config Memory : graphqlquerycache: 5000
[29/06/23 19:06:39:446 UTC]  INFO timedcache.TimedCacheProvider: ***	 Cache Config Memory : default: 1000
[29/06/23 19:06:39:446 UTC]  INFO timedcache.TimedCacheProvider: ***	 Cache Config Memory : adminconfigpool: 100
[29/06/23 19:06:39:447 UTC]  INFO timedcache.TimedCacheProvider: ***	 Cache Config Memory : companypool: 10
[29/06/23 19:06:39:447 UTC]  INFO timedcache.TimedCacheProvider: ***	 Cache Config Memory : contentletcache: 5000
[29/06/23 19:06:39:449 UTC]  INFO timedcache.TimedCacheProvider: ***	 Cache Config Memory : categoryparentscache: 30000
[29/06/23 19:06:39:450 UTC]  INFO timedcache.TimedCacheProvider: ***	 Cache Config Memory : taginodecache: 50000
[29/06/23 19:06:39:450 UTC]  INFO timedcache.TimedCacheProvider: ***	 Cache Config Memory : taginodesbyinodecache: 50000
[29/06/23 19:06:39:451 UTC]  INFO timedcache.TimedCacheProvider: ***	 Cache Config Memory : tagcache: 50000
[29/06/23 19:06:39:452 UTC]  INFO timedcache.TimedCacheProvider: ***	 Cache Config Memory : csscache: 2500
[29/06/23 19:06:39:455 UTC]  INFO timedcache.TimedCacheProvider: ***	 Cache Config Memory : assetmetadatacache: 10000
[29/06/23 19:06:39:455 UTC]  INFO timedcache.TimedCacheProvider: ***	 Cache Config Memory : identifiercache: 50000
[29/06/23 19:06:39:457 UTC]  INFO timedcache.TimedCacheProvider: ***	 Cache Config Memory : identifier404cache: 30000
[29/06/23 19:06:39:459 UTC]  INFO timedcache.TimedCacheProvider: ***	 Cache Config Memory : indiciescache: 8
[29/06/23 19:06:39:459 UTC]  INFO timedcache.TimedCacheProvider: ***	 Cache Config Memory : logmappercache: 10
[29/06/23 19:06:39:461 UTC]  INFO timedcache.TimedCacheProvider: ***	 Cache Config Memory : navcache: 1000
[29/06/23 19:06:39:461 UTC]  INFO timedcache.TimedCacheProvider: ***	 Cache Config Memory : parentpermissionablecache: 10000
[29/06/23 19:06:39:462 UTC]  INFO timedcache.TimedCacheProvider: ***	 Cache Config Memory : permissioncache: 50000
[29/06/23 19:06:39:463 UTC]  INFO timedcache.TimedCacheProvider: ***	 Cache Config Memory : portletpool: 100
[29/06/23 19:06:39:464 UTC]  INFO timedcache.TimedCacheProvider: ***	 Cache Config Memory : publishingendpointcache: 100
[29/06/23 19:06:39:464 UTC]  INFO timedcache.TimedCacheProvider: ***	 Cache Config Memory : pushedassetscache: 5000
[29/06/23 19:06:39:465 UTC]  INFO timedcache.TimedCacheProvider: ***	 Cache Config Memory : templatecache: 500
[29/06/23 19:06:39:466 UTC]  INFO timedcache.TimedCacheProvider: ***	 Cache Config Memory : translatedquerycache: 5000
[29/06/23 19:06:39:467 UTC]  INFO timedcache.TimedCacheProvider: ***	 Cache Config Memory : versioncache: 50000
[29/06/23 19:06:39:469 UTC]  INFO timedcache.TimedCacheProvider: ***	 Cache Config Memory : versioninfocache: 50000
[29/06/23 19:06:39:470 UTC]  INFO timedcache.TimedCacheProvider: ***	 Cache Config Memory : workflowactioncache: 10000
[29/06/23 19:06:39:471 UTC]  INFO timedcache.TimedCacheProvider: ***	 Cache Config Memory : workflowtaskcache: 10000
[29/06/23 19:06:39:471 UTC]  INFO timedcache.TimedCacheProvider: ***	 Cache Config Memory : shortyidcache: 25000
[29/06/23 19:06:39:472 UTC]  INFO timedcache.TimedCacheProvider: ***	 Cache Config Memory : velocitycache: 5000
[29/06/23 19:06:39:472 UTC]  INFO timedcache.TimedCacheProvider: ***	 Cache Config Memory : vanityurldirectcache: 25000
[29/06/23 19:06:39:474 UTC]  INFO timedcache.TimedCacheProvider: ***	 Cache Config Memory : vanityurlsitecache: 5000
[29/06/23 19:06:39:475 UTC]  INFO h22.H22Cache: Start Full Cache Flush in h22
[29/06/23 19:06:39:475 UTC]  INFO h22.H22Cache: Building new H22 Cache, db:0
[29/06/23 19:06:39:476 UTC]  INFO h22.H22HikariPool: H22 on disk cache:jdbc:h2:/data/local/dotsecure/h22cache/0/2023-06-29_19-06-39/cache;MVCC=TRUE;DB_CLOSE_ON_EXIT=FALSE
[29/06/23 19:06:39:582 UTC]  INFO h22.H22Cache: Building new H22 Cache, db:1
[29/06/23 19:06:39:583 UTC]  INFO h22.H22HikariPool: H22 on disk cache:jdbc:h2:/data/local/dotsecure/h22cache/1/2023-06-29_19-06-39/cache;MVCC=TRUE;DB_CLOSE_ON_EXIT=FALSE
[29/06/23 19:06:39:663 UTC]  INFO h22.H22Cache: End Full Cache Flush in h22 : 187ms
[29/06/23 19:06:40:170 UTC]  INFO runalways.Task00001LoadSchema: Schema created (507 statements executed)
[29/06/23 19:06:40:181 UTC]  INFO timedcache.TimedCacheProvider: ===== Initializing [Timed Cache Provider].
[29/06/23 19:06:40:182 UTC]  INFO timedcache.TimedCacheProvider: ***	 Cache Config Memory : esquerycache: 10000
[29/06/23 19:06:40:182 UTC]  INFO timedcache.TimedCacheProvider: ***	 Cache Config Memory : esquerycountcache: 10000
[29/06/23 19:06:40:182 UTC]  INFO timedcache.TimedCacheProvider: ***	 Cache Config Memory : graphqlquerycache: 5000
[29/06/23 19:06:40:182 UTC]  INFO timedcache.TimedCacheProvider: ***	 Cache Config Memory : default: 1000
[29/06/23 19:06:40:185 UTC]  INFO timedcache.TimedCacheProvider: ***	 Cache Config Memory : adminconfigpool: 100
[29/06/23 19:06:40:185 UTC]  INFO timedcache.TimedCacheProvider: ***	 Cache Config Memory : companypool: 10
[29/06/23 19:06:40:186 UTC]  INFO timedcache.TimedCacheProvider: ***	 Cache Config Memory : contentletcache: 5000
[29/06/23 19:06:40:186 UTC]  INFO timedcache.TimedCacheProvider: ***	 Cache Config Memory : categoryparentscache: 30000
[29/06/23 19:06:40:186 UTC]  INFO timedcache.TimedCacheProvider: ***	 Cache Config Memory : taginodecache: 50000
[29/06/23 19:06:40:186 UTC]  INFO timedcache.TimedCacheProvider: ***	 Cache Config Memory : taginodesbyinodecache: 50000
[29/06/23 19:06:40:186 UTC]  INFO timedcache.TimedCacheProvider: ***	 Cache Config Memory : tagcache: 50000
[29/06/23 19:06:40:186 UTC]  INFO timedcache.TimedCacheProvider: ***	 Cache Config Memory : csscache: 2500
[29/06/23 19:06:40:186 UTC]  INFO timedcache.TimedCacheProvider: ***	 Cache Config Memory : assetmetadatacache: 10000
[29/06/23 19:06:40:186 UTC]  INFO timedcache.TimedCacheProvider: ***	 Cache Config Memory : identifiercache: 50000
[29/06/23 19:06:40:186 UTC]  INFO timedcache.TimedCacheProvider: ***	 Cache Config Memory : identifier404cache: 30000
[29/06/23 19:06:40:187 UTC]  INFO timedcache.TimedCacheProvider: ***	 Cache Config Memory : indiciescache: 8
[29/06/23 19:06:40:187 UTC]  INFO timedcache.TimedCacheProvider: ***	 Cache Config Memory : logmappercache: 10
[29/06/23 19:06:40:187 UTC]  INFO timedcache.TimedCacheProvider: ***	 Cache Config Memory : navcache: 1000
[29/06/23 19:06:40:187 UTC]  INFO timedcache.TimedCacheProvider: ***	 Cache Config Memory : parentpermissionablecache: 10000
[29/06/23 19:06:40:187 UTC]  INFO timedcache.TimedCacheProvider: ***	 Cache Config Memory : permissioncache: 50000
[29/06/23 19:06:40:187 UTC]  INFO timedcache.TimedCacheProvider: ***	 Cache Config Memory : portletpool: 100
[29/06/23 19:06:40:187 UTC]  INFO timedcache.TimedCacheProvider: ***	 Cache Config Memory : publishingendpointcache: 100
[29/06/23 19:06:40:187 UTC]  INFO timedcache.TimedCacheProvider: ***	 Cache Config Memory : pushedassetscache: 5000
[29/06/23 19:06:40:187 UTC]  INFO timedcache.TimedCacheProvider: ***	 Cache Config Memory : templatecache: 500
[29/06/23 19:06:40:187 UTC]  INFO timedcache.TimedCacheProvider: ***	 Cache Config Memory : translatedquerycache: 5000
[29/06/23 19:06:40:187 UTC]  INFO timedcache.TimedCacheProvider: ***	 Cache Config Memory : versioncache: 50000
[29/06/23 19:06:40:187 UTC]  INFO timedcache.TimedCacheProvider: ***	 Cache Config Memory : versioninfocache: 50000
[29/06/23 19:06:40:188 UTC]  INFO timedcache.TimedCacheProvider: ***	 Cache Config Memory : workflowactioncache: 10000
[29/06/23 19:06:40:188 UTC]  INFO timedcache.TimedCacheProvider: ***	 Cache Config Memory : workflowtaskcache: 10000
[29/06/23 19:06:40:188 UTC]  INFO timedcache.TimedCacheProvider: ***	 Cache Config Memory : shortyidcache: 25000
[29/06/23 19:06:40:188 UTC]  INFO timedcache.TimedCacheProvider: ***	 Cache Config Memory : velocitycache: 5000
[29/06/23 19:06:40:188 UTC]  INFO timedcache.TimedCacheProvider: ***	 Cache Config Memory : vanityurldirectcache: 25000
[29/06/23 19:06:40:188 UTC]  INFO timedcache.TimedCacheProvider: ***	 Cache Config Memory : vanityurlsitecache: 5000
[29/06/23 19:06:40:188 UTC]  INFO h22.H22Cache: Start Full Cache Flush in h22
[29/06/23 19:06:40:188 UTC]  INFO h22.H22Cache: Building new H22 Cache, db:0
[29/06/23 19:06:40:189 UTC]  INFO h22.H22HikariPool: H22 on disk cache:jdbc:h2:/data/local/dotsecure/h22cache/0/2023-06-29_19-06-40/cache;MVCC=TRUE;DB_CLOSE_ON_EXIT=FALSE
[29/06/23 19:06:40:257 UTC]  INFO h22.H22Cache: Building new H22 Cache, db:1
[29/06/23 19:06:40:259 UTC]  INFO h22.H22HikariPool: H22 on disk cache:jdbc:h2:/data/local/dotsecure/h22cache/1/2023-06-29_19-06-40/cache;MVCC=TRUE;DB_CLOSE_ON_EXIT=FALSE
[29/06/23 19:06:40:326 UTC]  INFO h22.H22Cache: End Full Cache Flush in h22 : 137ms
[29/06/23 19:06:43:330 UTC]  INFO timedcache.TimedCacheProvider: ===== Initializing [Timed Cache Provider].
[29/06/23 19:06:43:330 UTC]  INFO timedcache.TimedCacheProvider: ***	 Cache Config Memory : esquerycache: 10000
[29/06/23 19:06:43:330 UTC]  INFO timedcache.TimedCacheProvider: ***	 Cache Config Memory : esquerycountcache: 10000
[29/06/23 19:06:43:330 UTC]  INFO timedcache.TimedCacheProvider: ***	 Cache Config Memory : graphqlquerycache: 5000
[29/06/23 19:06:43:330 UTC]  INFO timedcache.TimedCacheProvider: ***	 Cache Config Memory : default: 1000
[29/06/23 19:06:43:330 UTC]  INFO timedcache.TimedCacheProvider: ***	 Cache Config Memory : adminconfigpool: 100
[29/06/23 19:06:43:330 UTC]  INFO timedcache.TimedCacheProvider: ***	 Cache Config Memory : companypool: 10
[29/06/23 19:06:43:330 UTC]  INFO timedcache.TimedCacheProvider: ***	 Cache Config Memory : contentletcache: 5000
[29/06/23 19:06:43:330 UTC]  INFO timedcache.TimedCacheProvider: ***	 Cache Config Memory : categoryparentscache: 30000
[29/06/23 19:06:43:330 UTC]  INFO timedcache.TimedCacheProvider: ***	 Cache Config Memory : taginodecache: 50000
[29/06/23 19:06:43:330 UTC]  INFO timedcache.TimedCacheProvider: ***	 Cache Config Memory : taginodesbyinodecache: 50000
[29/06/23 19:06:43:330 UTC]  INFO timedcache.TimedCacheProvider: ***	 Cache Config Memory : tagcache: 50000
[29/06/23 19:06:43:330 UTC]  INFO timedcache.TimedCacheProvider: ***	 Cache Config Memory : csscache: 2500
[29/06/23 19:06:43:330 UTC]  INFO timedcache.TimedCacheProvider: ***	 Cache Config Memory : assetmetadatacache: 10000
[29/06/23 19:06:43:330 UTC]  INFO timedcache.TimedCacheProvider: ***	 Cache Config Memory : identifiercache: 50000
[29/06/23 19:06:43:331 UTC]  INFO timedcache.TimedCacheProvider: ***	 Cache Config Memory : identifier404cache: 30000
[29/06/23 19:06:43:331 UTC]  INFO timedcache.TimedCacheProvider: ***	 Cache Config Memory : indiciescache: 8
[29/06/23 19:06:43:331 UTC]  INFO timedcache.TimedCacheProvider: ***	 Cache Config Memory : logmappercache: 10
[29/06/23 19:06:43:331 UTC]  INFO timedcache.TimedCacheProvider: ***	 Cache Config Memory : navcache: 1000
[29/06/23 19:06:43:331 UTC]  INFO timedcache.TimedCacheProvider: ***	 Cache Config Memory : parentpermissionablecache: 10000
[29/06/23 19:06:43:331 UTC]  INFO timedcache.TimedCacheProvider: ***	 Cache Config Memory : permissioncache: 50000
[29/06/23 19:06:43:331 UTC]  INFO timedcache.TimedCacheProvider: ***	 Cache Config Memory : portletpool: 100
[29/06/23 19:06:43:331 UTC]  INFO timedcache.TimedCacheProvider: ***	 Cache Config Memory : publishingendpointcache: 100
[29/06/23 19:06:43:331 UTC]  INFO timedcache.TimedCacheProvider: ***	 Cache Config Memory : pushedassetscache: 5000
[29/06/23 19:06:43:331 UTC]  INFO timedcache.TimedCacheProvider: ***	 Cache Config Memory : templatecache: 500
[29/06/23 19:06:43:331 UTC]  INFO timedcache.TimedCacheProvider: ***	 Cache Config Memory : translatedquerycache: 5000
[29/06/23 19:06:43:331 UTC]  INFO timedcache.TimedCacheProvider: ***	 Cache Config Memory : versioncache: 50000
[29/06/23 19:06:43:331 UTC]  INFO timedcache.TimedCacheProvider: ***	 Cache Config Memory : versioninfocache: 50000
[29/06/23 19:06:43:331 UTC]  INFO timedcache.TimedCacheProvider: ***	 Cache Config Memory : workflowactioncache: 10000
[29/06/23 19:06:43:331 UTC]  INFO timedcache.TimedCacheProvider: ***	 Cache Config Memory : workflowtaskcache: 10000
[29/06/23 19:06:43:332 UTC]  INFO timedcache.TimedCacheProvider: ***	 Cache Config Memory : shortyidcache: 25000
[29/06/23 19:06:43:332 UTC]  INFO timedcache.TimedCacheProvider: ***	 Cache Config Memory : velocitycache: 5000
[29/06/23 19:06:43:332 UTC]  INFO timedcache.TimedCacheProvider: ***	 Cache Config Memory : vanityurldirectcache: 25000
[29/06/23 19:06:43:332 UTC]  INFO timedcache.TimedCacheProvider: ***	 Cache Config Memory : vanityurlsitecache: 5000
[29/06/23 19:06:43:332 UTC]  INFO h22.H22Cache: Start Full Cache Flush in h22
[29/06/23 19:06:43:332 UTC]  INFO h22.H22Cache: Building new H22 Cache, db:0
[29/06/23 19:06:43:332 UTC]  INFO h22.H22HikariPool: H22 on disk cache:jdbc:h2:/data/local/dotsecure/h22cache/0/2023-06-29_19-06-43/cache;MVCC=TRUE;DB_CLOSE_ON_EXIT=FALSE
[29/06/23 19:06:43:411 UTC]  INFO h22.H22Cache: Building new H22 Cache, db:1
[29/06/23 19:06:43:411 UTC]  INFO h22.H22HikariPool: H22 on disk cache:jdbc:h2:/data/local/dotsecure/h22cache/1/2023-06-29_19-06-43/cache;MVCC=TRUE;DB_CLOSE_ON_EXIT=FALSE
[29/06/23 19:06:43:506 UTC]  INFO h22.H22Cache: End Full Cache Flush in h22 : 174ms
[29/06/23 19:06:43:511 UTC]  INFO startup.StartupTasksExecutor: Not Running Startup Tasks: Task00002LoadClusterLicenses
[29/06/23 19:06:43:511 UTC]  INFO startup.StartupTasksExecutor: Running Startup Tasks : Task00003CreateSystemRoles
[29/06/23 19:06:43:525 UTC]  INFO startup.StartupTasksExecutor: Running Startup Tasks : Task00004LoadStarter
[29/06/23 19:06:43:549 UTC]  INFO db.DotCMSInitDb: There are no inodes - initializing db with starter site
[29/06/23 19:06:43:603 UTC]  INFO starter.ImportStarterUtil: Found 21 files to import
[29/06/23 19:06:43:606 UTC]  WARN util.FileUtil: /data/local/dotsecure/backup/temp/assets/messages/cms_language_en_US.properties is empty
[29/06/23 19:06:43:609 UTC]  WARN util.FileUtil: /data/local/dotsecure/backup/temp/assets/messages/cms_language_fr_FR.properties is empty
[29/06/23 19:06:43:609 UTC]  WARN util.FileUtil: /data/local/dotsecure/backup/temp/assets/messages/cms_language_zh_CN.properties is empty
[29/06/23 19:06:43:610 UTC]  WARN util.FileUtil: /data/local/dotsecure/backup/temp/assets/messages/cms_language_es_ES.properties is empty
[29/06/23 19:06:43:614 UTC]  INFO starter.ImportStarterUtil: About to delete all records from clickstream
[29/06/23 19:06:43:615 UTC]  INFO starter.ImportStarterUtil: Deleted all records from clickstream
[29/06/23 19:06:43:615 UTC]  INFO starter.ImportStarterUtil: About to delete all records from challenge_question
[29/06/23 19:06:43:617 UTC]  INFO starter.ImportStarterUtil: Deleted all records from challenge_question
[29/06/23 19:06:43:617 UTC]  INFO starter.ImportStarterUtil: About to delete all records from template_version_info
[29/06/23 19:06:43:618 UTC]  INFO starter.ImportStarterUtil: Deleted all records from template_version_info
[29/06/23 19:06:43:618 UTC]  INFO starter.ImportStarterUtil: About to delete all records from clickstream_404
[29/06/23 19:06:43:619 UTC]  INFO starter.ImportStarterUtil: Deleted all records from clickstream_404
[29/06/23 19:06:43:619 UTC]  INFO starter.ImportStarterUtil: About to delete all records from workflowtask_files
[29/06/23 19:06:43:619 UTC]  INFO starter.ImportStarterUtil: Deleted all records from workflowtask_files
[29/06/23 19:06:43:620 UTC]  INFO starter.ImportStarterUtil: About to delete all records from tag_inode
[29/06/23 19:06:43:624 UTC]  INFO starter.ImportStarterUtil: Deleted all records from tag_inode
[29/06/23 19:06:43:624 UTC]  INFO starter.ImportStarterUtil: About to delete all records from AdminConfig
[29/06/23 19:06:43:624 UTC]  INFO starter.ImportStarterUtil: Deleted all records from AdminConfig
[29/06/23 19:06:43:624 UTC]  INFO starter.ImportStarterUtil: About to delete all records from dot_containers
[29/06/23 19:06:43:624 UTC]  INFO starter.ImportStarterUtil: Deleted all records from dot_containers
[29/06/23 19:06:43:624 UTC]  INFO starter.ImportStarterUtil: About to delete all records from PasswordTracker
[29/06/23 19:06:43:625 UTC]  INFO starter.ImportStarterUtil: Deleted all records from PasswordTracker
[29/06/23 19:06:43:625 UTC]  INFO starter.ImportStarterUtil: About to delete all records from UserTracker
[29/06/23 19:06:43:626 UTC]  INFO starter.ImportStarterUtil: Deleted all records from UserTracker
[29/06/23 19:06:43:626 UTC]  INFO starter.ImportStarterUtil: About to delete all records from tree
[29/06/23 19:06:43:627 UTC]  INFO starter.ImportStarterUtil: Deleted all records from tree
[29/06/23 19:06:43:630 UTC]  INFO starter.ImportStarterUtil: About to delete all records from field
[29/06/23 19:06:43:631 UTC]  INFO starter.ImportStarterUtil: Deleted all records from field
[29/06/23 19:06:43:631 UTC]  INFO starter.ImportStarterUtil: About to delete all records from permission_reference
[29/06/23 19:06:43:632 UTC]  INFO starter.ImportStarterUtil: Deleted all records from permission_reference
[29/06/23 19:06:43:632 UTC]  INFO starter.ImportStarterUtil: About to delete all records from host_variable
[29/06/23 19:06:43:633 UTC]  INFO starter.ImportStarterUtil: Deleted all records from host_variable
[29/06/23 19:06:43:633 UTC]  INFO starter.ImportStarterUtil: About to delete all records from fixes_audit
[29/06/23 19:06:43:634 UTC]  INFO starter.ImportStarterUtil: Deleted all records from fixes_audit
[29/06/23 19:06:43:634 UTC]  INFO starter.ImportStarterUtil: About to delete all records from users_to_delete
[29/06/23 19:06:43:635 UTC]  INFO starter.ImportStarterUtil: Deleted all records from users_to_delete
[29/06/23 19:06:43:635 UTC]  INFO starter.ImportStarterUtil: About to delete all records from workflow_task
[29/06/23 19:06:43:636 UTC]  INFO starter.ImportStarterUtil: Deleted all records from workflow_task
[29/06/23 19:06:43:636 UTC]  INFO starter.ImportStarterUtil: About to delete all records from links
[29/06/23 19:06:43:637 UTC]  INFO starter.ImportStarterUtil: Deleted all records from links
[29/06/23 19:06:43:637 UTC]  INFO starter.ImportStarterUtil: About to delete all records from workflow_comment
[29/06/23 19:06:43:641 UTC]  INFO starter.ImportStarterUtil: Deleted all records from workflow_comment
[29/06/23 19:06:43:641 UTC]  INFO starter.ImportStarterUtil: About to delete all records from tag
[29/06/23 19:06:43:643 UTC]  INFO starter.ImportStarterUtil: Deleted all records from tag
[29/06/23 19:06:43:643 UTC]  INFO starter.ImportStarterUtil: About to delete all records from UserTrackerPath
[29/06/23 19:06:43:644 UTC]  INFO starter.ImportStarterUtil: Deleted all records from UserTrackerPath
[29/06/23 19:06:43:646 UTC]  INFO starter.ImportStarterUtil: About to delete all records from clickstream_request
[29/06/23 19:06:43:647 UTC]  INFO starter.ImportStarterUtil: Deleted all records from clickstream_request
[29/06/23 19:06:43:647 UTC]  INFO starter.ImportStarterUtil: About to delete all records from container_version_info
[29/06/23 19:06:43:648 UTC]  INFO starter.ImportStarterUtil: Deleted all records from container_version_info
[29/06/23 19:06:43:648 UTC]  INFO starter.ImportStarterUtil: About to delete all records from permission
[29/06/23 19:06:43:649 UTC]  INFO starter.ImportStarterUtil: Deleted all records from permission
[29/06/23 19:06:43:649 UTC]  INFO starter.ImportStarterUtil: About to delete all records from multi_tree
[29/06/23 19:06:43:650 UTC]  INFO starter.ImportStarterUtil: Deleted all records from multi_tree
[29/06/23 19:06:43:650 UTC]  INFO starter.ImportStarterUtil: About to delete all records from workflow_history
[29/06/23 19:06:43:651 UTC]  INFO starter.ImportStarterUtil: Deleted all records from workflow_history
[29/06/23 19:06:43:651 UTC]  INFO starter.ImportStarterUtil: About to delete all records from link_version_info
[29/06/23 19:06:43:654 UTC]  INFO starter.ImportStarterUtil: Deleted all records from link_version_info
[29/06/23 19:06:43:654 UTC]  INFO starter.ImportStarterUtil: About to delete all records from container_structures
[29/06/23 19:06:43:655 UTC]  INFO starter.ImportStarterUtil: Deleted all records from container_structures
[29/06/23 19:06:43:655 UTC]  INFO starter.ImportStarterUtil: About to delete all records from cms_layouts_portlets
[29/06/23 19:06:43:656 UTC]  INFO starter.ImportStarterUtil: Deleted all records from cms_layouts_portlets
[29/06/23 19:06:43:656 UTC]  INFO starter.ImportStarterUtil: About to delete all records from layouts_cms_roles
[29/06/23 19:06:43:657 UTC]  INFO starter.ImportStarterUtil: Deleted all records from layouts_cms_roles
[29/06/23 19:06:43:658 UTC]  INFO starter.ImportStarterUtil: About to delete all records from users_cms_roles
[29/06/23 19:06:43:658 UTC]  INFO starter.ImportStarterUtil: Deleted all records from users_cms_roles
[29/06/23 19:06:43:659 UTC]  INFO starter.ImportStarterUtil: About to delete all records from cms_role
[29/06/23 19:06:43:666 UTC]  INFO starter.ImportStarterUtil: Deleted all records from cms_role
[29/06/23 19:06:43:666 UTC]  INFO starter.ImportStarterUtil: About to delete all records from cms_layout
[29/06/23 19:06:43:668 UTC]  INFO starter.ImportStarterUtil: Deleted all records from cms_layout
[29/06/23 19:06:43:668 UTC]  INFO starter.ImportStarterUtil: About to delete all records from structure
[29/06/23 19:06:43:670 UTC]  INFO starter.ImportStarterUtil: Deleted all records from structure
[29/06/23 19:06:43:670 UTC]  INFO starter.ImportStarterUtil: About to delete all records from folder
[29/06/23 19:06:43:672 UTC]  INFO starter.ImportStarterUtil: Deleted all records from folder
[29/06/23 19:06:43:672 UTC]  INFO starter.ImportStarterUtil: About to delete all records from identifier
[29/06/23 19:06:43:674 UTC]  INFO starter.ImportStarterUtil: Deleted all records from identifier
[29/06/23 19:06:43:674 UTC]  INFO starter.ImportStarterUtil: About to delete all records from inode
[29/06/23 19:06:43:676 UTC]  INFO starter.ImportStarterUtil: Deleted all records from inode
[29/06/23 19:06:43:676 UTC]  INFO starter.ImportStarterUtil: About to delete all records from user_
[29/06/23 19:06:43:683 UTC]  INFO starter.ImportStarterUtil: Deleted all records from user_
[29/06/23 19:06:43:683 UTC]  INFO starter.ImportStarterUtil: About to delete all records from company
[29/06/23 19:06:43:684 UTC]  INFO starter.ImportStarterUtil: Deleted all records from company
[29/06/23 19:06:43:684 UTC]  INFO starter.ImportStarterUtil: About to delete all records from counter
[29/06/23 19:06:43:684 UTC]  INFO starter.ImportStarterUtil: Deleted all records from counter
[29/06/23 19:06:43:684 UTC]  INFO starter.ImportStarterUtil: About to delete all records from image
[29/06/23 19:06:43:687 UTC]  INFO starter.ImportStarterUtil: Deleted all records from image
[29/06/23 19:06:43:687 UTC]  INFO starter.ImportStarterUtil: About to delete all records from portlet
[29/06/23 19:06:43:688 UTC]  INFO starter.ImportStarterUtil: Deleted all records from portlet
[29/06/23 19:06:43:688 UTC]  INFO starter.ImportStarterUtil: About to delete all records from portletpreferences
[29/06/23 19:06:43:689 UTC]  INFO starter.ImportStarterUtil: Deleted all records from portletpreferences
[29/06/23 19:06:43:689 UTC]  INFO starter.ImportStarterUtil: About to delete all records from address
[29/06/23 19:06:43:691 UTC]  INFO starter.ImportStarterUtil: Deleted all records from address
[29/06/23 19:06:43:691 UTC]  INFO starter.ImportStarterUtil: About to delete all records from plugin_property
[29/06/23 19:06:43:691 UTC]  INFO starter.ImportStarterUtil: Deleted all records from plugin_property
[29/06/23 19:06:43:691 UTC]  INFO starter.ImportStarterUtil: About to delete all records from plugin
[29/06/23 19:06:43:693 UTC]  INFO starter.ImportStarterUtil: Deleted all records from plugin
[29/06/23 19:06:43:747 UTC]  INFO starter.ImportStarterUtil: **** Importing the file: /data/local/dotsecure/backup/temp/com.liferay.portal.model.Company.json *****
[29/06/23 19:06:43:749 UTC]  INFO starter.ImportStarterUtil: Importing:	com.liferay.portal.model.Company
[29/06/23 19:06:43:876 UTC]  INFO starter.ImportStarterUtil: Found :	1 com.liferay.portal.model.Company(s)
[29/06/23 19:06:44:008 UTC]  INFO starter.ImportStarterUtil: **** Importing the file: /data/local/dotsecure/backup/temp/com.dotmarketing.business.Role_0000000000.json *****
[29/06/23 19:06:44:008 UTC]  INFO starter.ImportStarterUtil: Importing:	com.dotmarketing.business.Role
[29/06/23 19:06:44:019 UTC]  INFO starter.ImportStarterUtil: Found :	18 com.dotmarketing.business.Role(s)
[29/06/23 19:06:44:022 UTC]  INFO starter.ImportStarterUtil: roleKey:cms_users = 0
[29/06/23 19:06:44:025 UTC]  INFO starter.ImportStarterUtil: roleKey:System = 0
[29/06/23 19:06:44:026 UTC]  INFO starter.ImportStarterUtil: roleKey:DOTCMS_BACK_END_USER = 0
[29/06/23 19:06:44:028 UTC]  INFO starter.ImportStarterUtil: roleKey:cms_workflow_any_who_can_view = 0
[29/06/23 19:06:44:030 UTC]  INFO starter.ImportStarterUtil: roleKey:Form Editor = 0
[29/06/23 19:06:44:032 UTC]  INFO starter.ImportStarterUtil: roleKey:dotcms.org.default = 0
[29/06/23 19:06:44:033 UTC]  INFO starter.ImportStarterUtil: roleKey:cms_workflow_any_who_can_edit_permissions = 0
[29/06/23 19:06:44:035 UTC]  INFO starter.ImportStarterUtil: roleKey:cms_workflow_any_who_can_edit = 0
[29/06/23 19:06:44:037 UTC]  INFO starter.ImportStarterUtil: roleKey:CMS Anonymous = 0
[29/06/23 19:06:44:038 UTC]  INFO starter.ImportStarterUtil: roleKey:CMS Owner = 0
[29/06/23 19:06:44:040 UTC]  INFO starter.ImportStarterUtil: roleKey:Login As = 0
[29/06/23 19:06:44:042 UTC]  INFO starter.ImportStarterUtil: roleKey:LDAP User = 0
[29/06/23 19:06:44:043 UTC]  INFO starter.ImportStarterUtil: roleKey:CMS Administrator = 0
[29/06/23 19:06:44:045 UTC]  INFO starter.ImportStarterUtil: roleKey:DOTCMS_FRONT_END_USER = 0
[29/06/23 19:06:44:047 UTC]  INFO starter.ImportStarterUtil: roleKey:cms_workflow_any_who_can_publish = 0
[29/06/23 19:06:44:048 UTC]  INFO starter.ImportStarterUtil: roleKey:dotcms.org.1 = 0
[29/06/23 19:06:44:050 UTC]  INFO starter.ImportStarterUtil: roleKey:anonymous = 0
[29/06/23 19:06:44:052 UTC]  INFO starter.ImportStarterUtil: roleKey:Scripting Developer = 0
[29/06/23 19:06:44:054 UTC]  INFO starter.ImportStarterUtil: **** Importing the file: /data/local/dotsecure/backup/temp/com.liferay.portal.model.User.json *****
[29/06/23 19:06:44:056 UTC]  INFO starter.ImportStarterUtil: Importing:	com.liferay.portal.model.User
[29/06/23 19:06:44:094 UTC]  INFO starter.ImportStarterUtil: Found :	4 com.liferay.portal.model.User(s)
[29/06/23 19:06:44:153 UTC]  WARN util.LocaleUtil: null is not a valid language id
[29/06/23 19:06:44:166 UTC]  WARN business.UserHelper: Error loading user with id dotcms.org.1
[29/06/23 19:06:44:263 UTC]  INFO xml.Marshaller: Marshaller called using one of the *static*  marshal(Object, *) methods. This will ignore any  mapping files as specified. Please consider switching to  using Marshaller instances and calling one of the marshal(*) methods.
[29/06/23 19:06:46:242 UTC]  WARN business.UserHelper: Error loading user with id system
[29/06/23 19:06:47:169 UTC]  INFO util.SecurityLogger: class com.dotmarketing.business.RoleAPIImpl : Adding role:'Admin User' to user:dotcms.org.1 email:admin@dotcms.com -- ip:ukn,user:null
[29/06/23 19:06:47:179 UTC]  WARN business.UserHelper: Error loading user with id anonymous
[29/06/23 19:06:48:106 UTC]  INFO util.SecurityLogger: class com.dotmarketing.business.RoleAPIImpl : Adding role:'anonymous user anonymous' to user:anonymous email:anonymous@dotcms.anonymoususer -- ip:ukn,user:null
[29/06/23 19:06:48:109 UTC]  INFO starter.ImportStarterUtil: 
[29/06/23 19:06:48:109 UTC]  INFO starter.ImportStarterUtil: 
[29/06/23 19:06:48:110 UTC]  INFO starter.ImportStarterUtil: **** Importing the file: /data/local/dotsecure/backup/temp/com.dotmarketing.business.UsersRoles_0000000000.json *****
[29/06/23 19:06:48:110 UTC]  INFO starter.ImportStarterUtil: Importing:	com.dotmarketing.business.UsersRoles
[29/06/23 19:06:48:113 UTC]  INFO starter.ImportStarterUtil: Found :	14 com.dotmarketing.business.UsersRoles(s)
[29/06/23 19:06:48:121 UTC]  INFO starter.ImportStarterUtil: **** Importing the file: /data/local/dotsecure/backup/temp/com.dotmarketing.business.Layout_0000000000.json *****
[29/06/23 19:06:48:121 UTC]  INFO starter.ImportStarterUtil: Importing:	com.dotmarketing.business.Layout
[29/06/23 19:06:48:123 UTC]  INFO starter.ImportStarterUtil: Found :	11 com.dotmarketing.business.Layout(s)
[29/06/23 19:06:48:136 UTC]  INFO starter.ImportStarterUtil: **** Importing the file: /data/local/dotsecure/backup/temp/com.dotmarketing.business.PortletsLayouts_0000000000.json *****
[29/06/23 19:06:48:136 UTC]  INFO starter.ImportStarterUtil: Importing:	com.dotmarketing.business.PortletsLayouts
[29/06/23 19:06:48:139 UTC]  INFO starter.ImportStarterUtil: Found :	36 com.dotmarketing.business.PortletsLayouts(s)
[29/06/23 19:06:48:164 UTC]  INFO starter.ImportStarterUtil: **** Importing the file: /data/local/dotsecure/backup/temp/com.dotmarketing.business.LayoutsRoles_0000000000.json *****
[29/06/23 19:06:48:164 UTC]  INFO starter.ImportStarterUtil: Importing:	com.dotmarketing.business.LayoutsRoles
[29/06/23 19:06:48:167 UTC]  INFO starter.ImportStarterUtil: Found :	7 com.dotmarketing.business.LayoutsRoles(s)
[29/06/23 19:06:48:175 UTC]  INFO starter.ImportStarterUtil: **** Importing the file: /data/local/dotsecure/backup/temp/com.dotmarketing.portlets.languagesmanager.model.Language_0000000000.json *****
[29/06/23 19:06:48:175 UTC]  INFO starter.ImportStarterUtil: Importing:	com.dotmarketing.portlets.languagesmanager.model.Language
[29/06/23 19:06:48:178 UTC]  INFO starter.ImportStarterUtil: Found :	1 com.dotmarketing.portlets.languagesmanager.model.Language(s)
[29/06/23 19:06:48:191 UTC]  INFO starter.ImportStarterUtil: Importing folder path /System foldersystem folder
[29/06/23 19:06:48:227 UTC]  INFO starter.ImportStarterUtil: **** Importing the file: /data/local/dotsecure/backup/temp/com.dotmarketing.portlets.folders.model.Folder_0000000000.json *****
[29/06/23 19:06:48:228 UTC]  INFO starter.ImportStarterUtil: Importing:	com.dotmarketing.portlets.folders.model.Folder
[29/06/23 19:06:48:233 UTC]  INFO starter.ImportStarterUtil: Found :	1 com.dotmarketing.portlets.folders.model.Folder(s)
[29/06/23 19:06:48:835 UTC]  INFO business.ContentTypeAPIImpl: Content type not found with given id: c938b15f-bcb6-49ef-8651-14d455a97045. Continuing...
[29/06/23 19:06:48:994 UTC]  INFO util.ActivityLogger: class com.dotmarketing.util.ActivityLogger: system : Save Field Action , User system/system user added field Site/Folder to Persona Structure.
[29/06/23 19:06:49:052 UTC]  INFO util.ActivityLogger: class com.dotmarketing.util.ActivityLogger: system : Save Field Action , User system/system user added field Name to Persona Structure.
[29/06/23 19:06:49:097 UTC]  INFO util.ActivityLogger: class com.dotmarketing.util.ActivityLogger: system : Save Field Action , User system/system user added field Key Tag to Persona Structure.
[29/06/23 19:06:49:143 UTC]  INFO util.ActivityLogger: class com.dotmarketing.util.ActivityLogger: system : Save Field Action , User system/system user added field Photo to Persona Structure.
[29/06/23 19:06:49:195 UTC]  INFO util.ActivityLogger: class com.dotmarketing.util.ActivityLogger: system : Save Field Action , User system/system user added field Other Tags to Persona Structure.
[29/06/23 19:06:49:231 UTC]  INFO util.ActivityLogger: class com.dotmarketing.util.ActivityLogger: system : Save Field Action , User system/system user added field Description to Persona Structure.
[29/06/23 19:06:49:260 UTC]  INFO util.ActivityLogger: class com.dotcms.contenttype.business.ContentTypeAPIImpl: system : Save ContentType Action , User system/system user system user added ContentType Persona to host id:SYSTEM_HOST
[29/06/23 19:06:49:262 UTC]  INFO business.ContentTypeAPIImpl: UserId : system : ContentType : ContentType saved : Persona
[29/06/23 19:06:49:262 UTC]  INFO util.AdminLogger: UserId : system : class com.dotcms.contenttype.business.ContentTypeAPIImpl : ContentType : ContentType saved : Persona
[29/06/23 19:06:49:297 UTC]  INFO business.ContentTypeAPIImpl: Content type not found with given id: f4d7c1b8-2c88-4071-abf1-a5328977b07d. Continuing...
[29/06/23 19:06:49:327 UTC]  INFO util.ActivityLogger: class com.dotmarketing.util.ActivityLogger: system : Save Field Action , User system/system user added field Key to Language Variable Structure.
[29/06/23 19:06:49:360 UTC]  INFO util.ActivityLogger: class com.dotmarketing.util.ActivityLogger: system : Save Field Action , User system/system user added field Value to Language Variable Structure.
[29/06/23 19:06:49:372 UTC]  INFO util.ActivityLogger: class com.dotcms.contenttype.business.ContentTypeAPIImpl: system : Save ContentType Action , User system/system user system user added ContentType Language Variable to host id:SYSTEM_HOST
[29/06/23 19:06:49:372 UTC]  INFO business.ContentTypeAPIImpl: UserId : system : ContentType : ContentType saved : Language Variable
[29/06/23 19:06:49:372 UTC]  INFO util.AdminLogger: UserId : system : class com.dotcms.contenttype.business.ContentTypeAPIImpl : ContentType : ContentType saved : Language Variable
[29/06/23 19:06:49:431 UTC]  INFO business.ContentTypeAPIImpl: Content type not found with given id: 4d21b6d8-1711-4ae6-9419-89e2b1ae5a06. Continuing...
[29/06/23 19:06:49:463 UTC]  INFO util.ActivityLogger: class com.dotmarketing.util.ActivityLogger: system : Save Field Action , User system/system user added field Form ID to Forms Structure.
[29/06/23 19:06:49:492 UTC]  INFO util.ActivityLogger: class com.dotmarketing.util.ActivityLogger: system : Save Field Action , User system/system user added field Widget Title to Forms Structure.
[29/06/23 19:06:49:512 UTC]  INFO util.ActivityLogger: class com.dotmarketing.util.ActivityLogger: system : Save Field Action , User system/system user added field Widget Usage to Forms Structure.
[29/06/23 19:06:49:544 UTC]  INFO util.ActivityLogger: class com.dotmarketing.util.ActivityLogger: system : Save Field Action , User system/system user added field Widget Code to Forms Structure.
[29/06/23 19:06:49:584 UTC]  INFO util.ActivityLogger: class com.dotmarketing.util.ActivityLogger: system : Save Field Action , User system/system user added field Widget Pre-Execute to Forms Structure.
[29/06/23 19:06:49:602 UTC]  INFO util.ActivityLogger: class com.dotcms.contenttype.business.ContentTypeAPIImpl: system : Save ContentType Action , User system/system user system user added ContentType Forms to host id:SYSTEM_HOST
[29/06/23 19:06:49:602 UTC]  INFO business.ContentTypeAPIImpl: UserId : system : ContentType : ContentType saved : Forms
[29/06/23 19:06:49:602 UTC]  INFO util.AdminLogger: UserId : system : class com.dotcms.contenttype.business.ContentTypeAPIImpl : ContentType : ContentType saved : Forms
[29/06/23 19:06:49:635 UTC]  INFO business.ContentTypeAPIImpl: Content type not found with given id: f2d8a1c7-2b77-2081-bcf1-b5348988c08d. Continuing...
[29/06/23 19:06:49:661 UTC]  INFO util.ActivityLogger: class com.dotmarketing.util.ActivityLogger: system : Save Field Action , User system/system user added field Site or Folder to dotAsset Structure.
[29/06/23 19:06:49:683 UTC]  INFO util.ActivityLogger: class com.dotmarketing.util.ActivityLogger: system : Save Field Action , User system/system user added field Asset to dotAsset Structure.
[29/06/23 19:06:49:710 UTC]  INFO util.ActivityLogger: class com.dotmarketing.util.ActivityLogger: system : Save Field Action , User system/system user added field Tags to dotAsset Structure.
[29/06/23 19:06:49:729 UTC]  INFO util.ActivityLogger: class com.dotcms.contenttype.business.ContentTypeAPIImpl: system : Save ContentType Action , User system/system user system user added ContentType dotAsset to host id:SYSTEM_HOST
[29/06/23 19:06:49:731 UTC]  INFO business.ContentTypeAPIImpl: UserId : system : ContentType : ContentType saved : dotAsset
[29/06/23 19:06:49:732 UTC]  INFO util.AdminLogger: UserId : system : class com.dotcms.contenttype.business.ContentTypeAPIImpl : ContentType : ContentType saved : dotAsset
[29/06/23 19:06:49:820 UTC]  INFO business.ContentTypeAPIImpl: Content type not found with given id: 33888b6f-7a8e-4069-b1b6-5c1aa9d0a48d. Continuing...
[29/06/23 19:06:49:847 UTC]  INFO util.ActivityLogger: class com.dotmarketing.util.ActivityLogger: system : Save Field Action , User system/system user added field Host Or Folder to File Asset Structure.
[29/06/23 19:06:49:871 UTC]  INFO util.ActivityLogger: class com.dotmarketing.util.ActivityLogger: system : Save Field Action , User system/system user added field File Name to File Asset Structure.
[29/06/23 19:06:49:904 UTC]  INFO util.ActivityLogger: class com.dotmarketing.util.ActivityLogger: system : Save Field Action , User system/system user added field File Asset to File Asset Structure.
[29/06/23 19:06:49:937 UTC]  INFO util.ActivityLogger: class com.dotmarketing.util.ActivityLogger: system : Save Field Action , User system/system user added field Title to File Asset Structure.
[29/06/23 19:06:49:975 UTC]  INFO util.ActivityLogger: class com.dotmarketing.util.ActivityLogger: system : Save Field Action , User system/system user added field Metadata to File Asset Structure.
[29/06/23 19:06:50:015 UTC]  INFO util.ActivityLogger: class com.dotmarketing.util.ActivityLogger: system : Save Field Action , User system/system user added field Metadata to File Asset Structure.
[29/06/23 19:06:50:044 UTC]  INFO util.ActivityLogger: class com.dotmarketing.util.ActivityLogger: system : Save Field Action , User system/system user added field Show On Menu to File Asset Structure.
[29/06/23 19:06:50:098 UTC]  INFO util.ActivityLogger: class com.dotmarketing.util.ActivityLogger: system : Save Field Action , User system/system user added field Sort Order to File Asset Structure.
[29/06/23 19:06:50:131 UTC]  INFO util.ActivityLogger: class com.dotmarketing.util.ActivityLogger: system : Save Field Action , User system/system user added field Description to File Asset Structure.
[29/06/23 19:06:50:142 UTC]  INFO util.ActivityLogger: class com.dotcms.contenttype.business.ContentTypeAPIImpl: system : Save ContentType Action , User system/system user system user added ContentType File Asset to host id:SYSTEM_HOST
[29/06/23 19:06:50:142 UTC]  INFO business.ContentTypeAPIImpl: UserId : system : ContentType : ContentType saved : File Asset
[29/06/23 19:06:50:142 UTC]  INFO util.AdminLogger: UserId : system : class com.dotcms.contenttype.business.ContentTypeAPIImpl : ContentType : ContentType saved : File Asset
[29/06/23 19:06:50:174 UTC]  INFO business.ContentTypeAPIImpl: Content type not found with given id: 8e850645-bb92-4fda-a765-e67063a59be0. Continuing...
[29/06/23 19:06:50:187 UTC]  INFO util.ActivityLogger: class com.dotmarketing.util.ActivityLogger: system : Save Field Action , User system/system user added field Title to Vanity URL Structure.
[29/06/23 19:06:50:200 UTC]  INFO util.ActivityLogger: class com.dotmarketing.util.ActivityLogger: system : Save Field Action , User system/system user added field Site to Vanity URL Structure.
[29/06/23 19:06:50:215 UTC]  INFO util.ActivityLogger: class com.dotmarketing.util.ActivityLogger: system : Save Field Action , User system/system user added field Uri to Vanity URL Structure.
[29/06/23 19:06:50:232 UTC]  INFO util.ActivityLogger: class com.dotmarketing.util.ActivityLogger: system : Save Field Action , User system/system user added field Action to Vanity URL Structure.
[29/06/23 19:06:50:251 UTC]  INFO util.ActivityLogger: class com.dotmarketing.util.ActivityLogger: system : Save Field Action , User system/system user added field Forward To to Vanity URL Structure.
[29/06/23 19:06:50:272 UTC]  INFO util.ActivityLogger: class com.dotmarketing.util.ActivityLogger: system : Save Field Action , User system/system user added field Order to Vanity URL Structure.
[29/06/23 19:06:50:280 UTC]  INFO util.ActivityLogger: class com.dotcms.contenttype.business.ContentTypeAPIImpl: system : Save ContentType Action , User system/system user system user added ContentType Vanity URL to host id:SYSTEM_HOST
[29/06/23 19:06:50:281 UTC]  INFO business.ContentTypeAPIImpl: UserId : system : ContentType : ContentType saved : Vanity URL
[29/06/23 19:06:50:281 UTC]  INFO util.AdminLogger: UserId : system : class com.dotcms.contenttype.business.ContentTypeAPIImpl : ContentType : ContentType saved : Vanity URL
[29/06/23 19:06:50:299 UTC]  INFO business.ContentTypeAPIImpl: Content type not found with given id: c541abb1-69b3-4bc5-8430-5e09e5239cc8. Continuing...
[29/06/23 19:06:50:312 UTC]  INFO util.ActivityLogger: class com.dotmarketing.util.ActivityLogger: system : Save Field Action , User system/system user added field Title to Page Structure.
[29/06/23 19:06:50:324 UTC]  INFO util.ActivityLogger: class com.dotmarketing.util.ActivityLogger: system : Save Field Action , User system/system user added field Url to Page Structure.
[29/06/23 19:06:50:338 UTC]  INFO util.ActivityLogger: class com.dotmarketing.util.ActivityLogger: system : Save Field Action , User system/system user added field Host or Folder to Page Structure.
[29/06/23 19:06:50:354 UTC]  INFO util.ActivityLogger: class com.dotmarketing.util.ActivityLogger: system : Save Field Action , User system/system user added field Template to Page Structure.
[29/06/23 19:06:50:374 UTC]  INFO util.ActivityLogger: class com.dotmarketing.util.ActivityLogger: system : Save Field Action , User system/system user added field Friendly Name to Page Structure.
[29/06/23 19:06:50:393 UTC]  INFO util.ActivityLogger: class com.dotmarketing.util.ActivityLogger: system : Save Field Action , User system/system user added field Show on Menu to Page Structure.
[29/06/23 19:06:50:421 UTC]  INFO util.ActivityLogger: class com.dotmarketing.util.ActivityLogger: system : Save Field Action , User system/system user added field Sort Order to Page Structure.
[29/06/23 19:06:50:446 UTC]  INFO util.ActivityLogger: class com.dotmarketing.util.ActivityLogger: system : Save Field Action , User system/system user added field Cache TTL to Page Structure.
[29/06/23 19:06:50:470 UTC]  INFO util.ActivityLogger: class com.dotmarketing.util.ActivityLogger: system : Save Field Action , User system/system user added field Advanced Properties to Page Structure.
[29/06/23 19:06:50:497 UTC]  INFO util.ActivityLogger: class com.dotmarketing.util.ActivityLogger: system : Save Field Action , User system/system user added field Redirect Url to Page Structure.
[29/06/23 19:06:50:525 UTC]  INFO util.ActivityLogger: class com.dotmarketing.util.ActivityLogger: system : Save Field Action , User system/system user added field HTTPS Required to Page Structure.
[29/06/23 19:06:50:557 UTC]  INFO util.ActivityLogger: class com.dotmarketing.util.ActivityLogger: system : Save Field Action , User system/system user added field SEO Description to Page Structure.
[29/06/23 19:06:50:589 UTC]  INFO util.ActivityLogger: class com.dotmarketing.util.ActivityLogger: system : Save Field Action , User system/system user added field SEO Keywords to Page Structure.
[29/06/23 19:06:50:623 UTC]  INFO util.ActivityLogger: class com.dotmarketing.util.ActivityLogger: system : Save Field Action , User system/system user added field Page Metadata to Page Structure.
[29/06/23 19:06:50:659 UTC]  INFO util.ActivityLogger: class com.dotmarketing.util.ActivityLogger: system : Save Field Action , User system/system user added field Canonical URL to Page Structure.
[29/06/23 19:06:50:676 UTC]  INFO util.ActivityLogger: class com.dotcms.contenttype.business.ContentTypeAPIImpl: system : Save ContentType Action , User system/system user system user added ContentType Page to host id:SYSTEM_HOST
[29/06/23 19:06:50:676 UTC]  INFO business.ContentTypeAPIImpl: UserId : system : ContentType : ContentType saved : Page
[29/06/23 19:06:50:676 UTC]  INFO util.AdminLogger: UserId : system : class com.dotcms.contenttype.business.ContentTypeAPIImpl : ContentType : ContentType saved : Page
[29/06/23 19:06:50:752 UTC]  INFO business.ContentTypeAPIImpl: Content type not found with given id: 855a2d72-f2f3-4169-8b04-ac5157c4380c. Continuing...
[29/06/23 19:06:50:763 UTC]  INFO util.ActivityLogger: class com.dotmarketing.util.ActivityLogger: system : Save Field Action , User system/system user added field fields-2 to Host Structure.
[29/06/23 19:06:50:774 UTC]  INFO util.ActivityLogger: class com.dotmarketing.util.ActivityLogger: system : Save Field Action , User system/system user added field fields-3 to Host Structure.
[29/06/23 19:06:50:787 UTC]  INFO util.ActivityLogger: class com.dotmarketing.util.ActivityLogger: system : Save Field Action , User system/system user added field Site Key to Host Structure.
[29/06/23 19:06:50:802 UTC]  INFO util.ActivityLogger: class com.dotmarketing.util.ActivityLogger: system : Save Field Action , User system/system user added field Aliases to Host Structure.
[29/06/23 19:06:50:818 UTC]  INFO util.ActivityLogger: class com.dotmarketing.util.ActivityLogger: system : Save Field Action , User system/system user added field Tag Storage to Host Structure.
[29/06/23 19:06:50:838 UTC]  INFO util.ActivityLogger: class com.dotmarketing.util.ActivityLogger: system : Save Field Action , User system/system user added field Is Default to Host Structure.
[29/06/23 19:06:50:865 UTC]  INFO util.ActivityLogger: class com.dotmarketing.util.ActivityLogger: system : Save Field Action , User system/system user added field Is System Host to Host Structure.
[29/06/23 19:06:50:888 UTC]  INFO util.ActivityLogger: class com.dotmarketing.util.ActivityLogger: system : Save Field Action , User system/system user added field Host Thumbnail to Host Structure.
[29/06/23 19:06:50:912 UTC]  INFO util.ActivityLogger: class com.dotmarketing.util.ActivityLogger: system : Save Field Action , User system/system user added field Run Dashboard to Host Structure.
[29/06/23 19:06:50:922 UTC]  INFO util.ActivityLogger: class com.dotcms.contenttype.business.ContentTypeAPIImpl: system : Save ContentType Action , User system/system user system user added ContentType Host to host id:SYSTEM_HOST
[29/06/23 19:06:50:923 UTC]  INFO business.ContentTypeAPIImpl: UserId : system : ContentType : ContentType saved : Host
[29/06/23 19:06:50:923 UTC]  INFO util.AdminLogger: UserId : system : class com.dotcms.contenttype.business.ContentTypeAPIImpl : ContentType : ContentType saved : Host
[29/06/23 19:06:50:926 UTC]  INFO business.ContentTypeAPIImpl: Content type not found with given id: 2c46b6586c38852ac08a824a303ced80. Continuing...
[29/06/23 19:06:50:949 UTC]  INFO util.ActivityLogger: class com.dotmarketing.util.ActivityLogger: system : Save Field Action , User system/system user added field Site or Folder to Image Structure.
[29/06/23 19:06:50:969 UTC]  INFO util.ActivityLogger: class com.dotmarketing.util.ActivityLogger: system : Save Field Action , User system/system user added field Asset to Image Structure.
[29/06/23 19:06:50:990 UTC]  INFO util.ActivityLogger: class com.dotmarketing.util.ActivityLogger: system : Save Field Action , User system/system user added field Tags to Image Structure.
[29/06/23 19:06:50:996 UTC]  INFO util.ActivityLogger: class com.dotcms.contenttype.business.ContentTypeAPIImpl: system : Save ContentType Action , User system/system user system user added ContentType Image to host id:8a7d5e23-da1e-420a-b4f0-471e7da8ea2d
[29/06/23 19:06:50:996 UTC]  INFO business.ContentTypeAPIImpl: UserId : system : ContentType : ContentType saved : Image
[29/06/23 19:06:50:996 UTC]  INFO util.AdminLogger: UserId : system : class com.dotcms.contenttype.business.ContentTypeAPIImpl : ContentType : ContentType saved : Image
[29/06/23 19:06:51:003 UTC]  INFO business.ContentTypeAPIImpl: Content type not found with given id: c77450b834901a20c8193ef9d561ee5b. Continuing...
[29/06/23 19:06:51:022 UTC]  INFO util.ActivityLogger: class com.dotmarketing.util.ActivityLogger: system : Save Field Action , User system/system user added field Site or Folder to Video Structure.
[29/06/23 19:06:51:041 UTC]  INFO util.ActivityLogger: class com.dotmarketing.util.ActivityLogger: system : Save Field Action , User system/system user added field Asset to Video Structure.
[29/06/23 19:06:51:062 UTC]  INFO util.ActivityLogger: class com.dotmarketing.util.ActivityLogger: system : Save Field Action , User system/system user added field Tags to Video Structure.
[29/06/23 19:06:51:068 UTC]  INFO util.ActivityLogger: class com.dotcms.contenttype.business.ContentTypeAPIImpl: system : Save ContentType Action , User system/system user system user added ContentType Video to host id:8a7d5e23-da1e-420a-b4f0-471e7da8ea2d
[29/06/23 19:06:51:068 UTC]  INFO business.ContentTypeAPIImpl: UserId : system : ContentType : ContentType saved : Video
[29/06/23 19:06:51:068 UTC]  INFO util.AdminLogger: UserId : system : class com.dotcms.contenttype.business.ContentTypeAPIImpl : ContentType : ContentType saved : Video
[29/06/23 19:06:51:091 UTC]  INFO business.ContentTypeAPIImpl: Content type not found with given id: 2a3e91e4-fbbf-4876-8c5b-2233c1739b05. Continuing...
[29/06/23 19:06:51:101 UTC]  INFO util.ActivityLogger: class com.dotmarketing.util.ActivityLogger: system : Save Field Action , User system/system user added field Row Field to Content (Generic) Structure.
[29/06/23 19:06:51:112 UTC]  INFO util.ActivityLogger: class com.dotmarketing.util.ActivityLogger: system : Save Field Action , User system/system user added field Column Field to Content (Generic) Structure.
[29/06/23 19:06:51:124 UTC]  INFO util.ActivityLogger: class com.dotmarketing.util.ActivityLogger: system : Save Field Action , User system/system user added field Title to Content (Generic) Structure.
[29/06/23 19:06:51:139 UTC]  INFO util.ActivityLogger: class com.dotmarketing.util.ActivityLogger: system : Save Field Action , User system/system user added field Site to Content (Generic) Structure.
[29/06/23 19:06:51:155 UTC]  INFO util.ActivityLogger: class com.dotmarketing.util.ActivityLogger: system : Save Field Action , User system/system user added field Body to Content (Generic) Structure.
[29/06/23 19:06:51:162 UTC]  INFO util.ActivityLogger: class com.dotcms.contenttype.business.ContentTypeAPIImpl: system : Save ContentType Action , User system/system user system user added ContentType Content (Generic) to host id:SYSTEM_HOST
[29/06/23 19:06:51:162 UTC]  INFO business.ContentTypeAPIImpl: UserId : system : ContentType : ContentType saved : Content (Generic)
[29/06/23 19:06:51:162 UTC]  INFO util.AdminLogger: UserId : system : class com.dotcms.contenttype.business.ContentTypeAPIImpl : ContentType : ContentType saved : Content (Generic)
[29/06/23 19:06:51:165 UTC]  INFO business.ContentTypeAPIImpl: Content type not found with given id: ce930143870e11569f93f8a9fff5da19. Continuing...
[29/06/23 19:06:51:175 UTC]  INFO util.ActivityLogger: class com.dotmarketing.util.ActivityLogger: system : Save Field Action , User system/system user added field Screenshot to Dot Favorite Page Structure.
[29/06/23 19:06:51:184 UTC]  INFO util.ActivityLogger: class com.dotmarketing.util.ActivityLogger: system : Save Field Action , User system/system user added field title to Dot Favorite Page Structure.
[29/06/23 19:06:51:195 UTC]  INFO util.ActivityLogger: class com.dotmarketing.util.ActivityLogger: system : Save Field Action , User system/system user added field url to Dot Favorite Page Structure.
[29/06/23 19:06:51:208 UTC]  INFO util.ActivityLogger: class com.dotmarketing.util.ActivityLogger: system : Save Field Action , User system/system user added field order to Dot Favorite Page Structure.
[29/06/23 19:06:51:214 UTC]  INFO util.ActivityLogger: class com.dotcms.contenttype.business.ContentTypeAPIImpl: system : Save ContentType Action , User system/system user system user added ContentType Dot Favorite Page to host id:SYSTEM_HOST
[29/06/23 19:06:51:214 UTC]  INFO business.ContentTypeAPIImpl: UserId : system : ContentType : ContentType saved : Dot Favorite Page
[29/06/23 19:06:51:214 UTC]  INFO util.AdminLogger: UserId : system : class com.dotcms.contenttype.business.ContentTypeAPIImpl : ContentType : ContentType saved : Dot Favorite Page
[29/06/23 19:06:51:215 UTC]  INFO starter.ImportStarterUtil: **** Importing the file: /data/local/dotsecure/backup/temp/com.dotmarketing.portlets.contentlet.model.Contentlet_0000000000.json *****
[29/06/23 19:06:51:215 UTC]  INFO starter.ImportStarterUtil: Importing:	com.dotmarketing.portlets.contentlet.model.Contentlet
[29/06/23 19:06:51:471 UTC]  INFO starter.ImportStarterUtil: Found :	5 com.dotmarketing.portlets.contentlet.model.Contentlet(s)
[29/06/23 19:06:51:638 UTC]  INFO timedcache.TimedCacheProvider: ***	 Building Cache : esquerycache, size:10000, seconds:3600,Concurrency:32 (every 60000 millis)
[29/06/23 19:06:52:284 UTC]  INFO util.SecurityLogger: class com.dotmarketing.portlets.workflows.business.WorkflowAPIImpl : Workflow Scheme 'System Workflow' [d61a59e1-a49c-46f2-a929-db2b4bfa88b2] has been saved by User ID 'system' -- ip:ukn,user:null
[29/06/23 19:06:52:293 UTC]  INFO util.SecurityLogger: class com.dotmarketing.portlets.workflows.business.WorkflowAPIImpl : Workflow Step 'New' [6cb7e3bd-1710-4eed-8838-d3db60f78f19] has been saved by User ID 'system' -- ip:ukn,user:null
[29/06/23 19:06:52:296 UTC]  INFO util.SecurityLogger: class com.dotmarketing.portlets.workflows.business.WorkflowAPIImpl : Workflow Step 'Draft' [ee24a4cb-2d15-4c98-b1bd-6327126451f3] has been saved by User ID 'system' -- ip:ukn,user:null
[29/06/23 19:06:52:301 UTC]  INFO util.SecurityLogger: class com.dotmarketing.portlets.workflows.business.WorkflowAPIImpl : Workflow Step 'Published' [dc3c9cd0-8467-404b-bf95-cb7df3fbc293] has been saved by User ID 'system' -- ip:ukn,user:null
[29/06/23 19:06:52:304 UTC]  INFO util.SecurityLogger: class com.dotmarketing.portlets.workflows.business.WorkflowAPIImpl : Workflow Step 'Archived' [d6b095b6-b65f-4bdb-bbfd-701d663dfee2] has been saved by User ID 'system' -- ip:ukn,user:null
[29/06/23 19:06:52:312 UTC]  INFO util.SecurityLogger: class com.dotmarketing.portlets.workflows.business.WorkflowAPIImpl : Action id: '4da13a42-5d59-480c-ad8f-94a3adf809fe' has been reordered by user: system -- ip:ukn,user:null
[29/06/23 19:06:52:323 UTC]  INFO util.SecurityLogger: class com.dotmarketing.portlets.workflows.business.WorkflowAPIImpl : Action id: '963f6a04-5320-42e7-ab74-6d876d199946' has been reordered by user: system -- ip:ukn,user:null
[29/06/23 19:06:52:329 UTC]  INFO util.SecurityLogger: class com.dotmarketing.portlets.workflows.business.WorkflowAPIImpl : Action id: '777f1c6b-c877-4a37-ba4b-10627316c2cc' has been reordered by user: system -- ip:ukn,user:null
[29/06/23 19:06:52:333 UTC]  INFO util.SecurityLogger: class com.dotmarketing.portlets.workflows.business.WorkflowAPIImpl : Action id: '1e0f1c6b-b67f-4c99-983d-db2b4bfa88b2' has been reordered by user: system -- ip:ukn,user:null
[29/06/23 19:06:52:344 UTC]  INFO util.SecurityLogger: class com.dotmarketing.portlets.workflows.business.WorkflowAPIImpl : Action id: 'dd4c4b7c-e9d3-4dc0-8fbf-36102f9c6324' has been reordered by user: system -- ip:ukn,user:null
[29/06/23 19:06:52:349 UTC]  INFO util.SecurityLogger: class com.dotmarketing.portlets.workflows.business.WorkflowAPIImpl : Action id: 'b9d89c80-3d88-4311-8365-187323c96436' has been reordered by user: system -- ip:ukn,user:null
[29/06/23 19:06:52:354 UTC]  INFO util.SecurityLogger: class com.dotmarketing.portlets.workflows.business.WorkflowAPIImpl : Action id: 'ceca71a0-deee-4999-bd47-b01baa1bcfc8' has been reordered by user: system -- ip:ukn,user:null
[29/06/23 19:06:52:359 UTC]  INFO util.SecurityLogger: class com.dotmarketing.portlets.workflows.business.WorkflowAPIImpl : Action id: 'c92f9aa1-9503-4567-ac30-d3242b54d02d' has been reordered by user: system -- ip:ukn,user:null
[29/06/23 19:06:52:363 UTC]  INFO util.SecurityLogger: class com.dotmarketing.portlets.workflows.business.WorkflowAPIImpl : Action id: '38efc763-d78f-4e4b-b092-59cd8c579b93' has been reordered by user: system -- ip:ukn,user:null
[29/06/23 19:06:52:395 UTC]  INFO util.SecurityLogger: class com.dotmarketing.portlets.workflows.business.WorkflowAPIImpl : The action id: 'ceca71a0-deee-4999-bd47-b01baa1bcfc8' has been saved by the user: system -- ip:ukn,user:null
[29/06/23 19:06:52:402 UTC]  INFO util.SecurityLogger: class com.dotmarketing.portlets.workflows.business.WorkflowAPIImpl : The action id: 'b9d89c80-3d88-4311-8365-187323c96436' has been saved by the user: system -- ip:ukn,user:null
[29/06/23 19:06:52:407 UTC]  INFO util.SecurityLogger: class com.dotmarketing.portlets.workflows.business.WorkflowAPIImpl : The action id: '777f1c6b-c877-4a37-ba4b-10627316c2cc' has been saved by the user: system -- ip:ukn,user:null
[29/06/23 19:06:52:414 UTC]  INFO util.SecurityLogger: class com.dotmarketing.portlets.workflows.business.WorkflowAPIImpl : The action id: 'ceca71a0-deee-4999-bd47-b01baa1bcfc8' has been saved by the user: system -- ip:ukn,user:null
[29/06/23 19:06:52:421 UTC]  INFO util.SecurityLogger: class com.dotmarketing.portlets.workflows.business.WorkflowAPIImpl : The action id: 'dd4c4b7c-e9d3-4dc0-8fbf-36102f9c6324' has been saved by the user: system -- ip:ukn,user:null
[29/06/23 19:06:52:427 UTC]  INFO util.SecurityLogger: class com.dotmarketing.portlets.workflows.business.WorkflowAPIImpl : The action id: '38efc763-d78f-4e4b-b092-59cd8c579b93' has been saved by the user: system -- ip:ukn,user:null
[29/06/23 19:06:52:436 UTC]  INFO util.SecurityLogger: class com.dotmarketing.portlets.workflows.business.WorkflowAPIImpl : The action id: '963f6a04-5320-42e7-ab74-6d876d199946' has been saved by the user: system -- ip:ukn,user:null
[29/06/23 19:06:52:446 UTC]  INFO util.SecurityLogger: class com.dotmarketing.portlets.workflows.business.WorkflowAPIImpl : The action id: 'b9d89c80-3d88-4311-8365-187323c96436' has been saved by the user: system -- ip:ukn,user:null
[29/06/23 19:06:52:460 UTC]  INFO util.SecurityLogger: class com.dotmarketing.portlets.workflows.business.WorkflowAPIImpl : The action id: '4da13a42-5d59-480c-ad8f-94a3adf809fe' has been saved by the user: system -- ip:ukn,user:null
[29/06/23 19:06:52:467 UTC]  INFO util.SecurityLogger: class com.dotmarketing.portlets.workflows.business.WorkflowAPIImpl : The action id: '963f6a04-5320-42e7-ab74-6d876d199946' has been saved by the user: system -- ip:ukn,user:null
[29/06/23 19:06:52:471 UTC]  INFO util.SecurityLogger: class com.dotmarketing.portlets.workflows.business.WorkflowAPIImpl : The action id: '38efc763-d78f-4e4b-b092-59cd8c579b93' has been saved by the user: system -- ip:ukn,user:null
[29/06/23 19:06:52:476 UTC]  INFO util.SecurityLogger: class com.dotmarketing.portlets.workflows.business.WorkflowAPIImpl : The action id: 'ceca71a0-deee-4999-bd47-b01baa1bcfc8' has been saved by the user: system -- ip:ukn,user:null
[29/06/23 19:06:52:481 UTC]  INFO util.SecurityLogger: class com.dotmarketing.portlets.workflows.business.WorkflowAPIImpl : The action id: '4da13a42-5d59-480c-ad8f-94a3adf809fe' has been saved by the user: system -- ip:ukn,user:null
[29/06/23 19:06:52:486 UTC]  INFO util.SecurityLogger: class com.dotmarketing.portlets.workflows.business.WorkflowAPIImpl : The action id: 'b9d89c80-3d88-4311-8365-187323c96436' has been saved by the user: system -- ip:ukn,user:null
[29/06/23 19:06:52:490 UTC]  INFO util.SecurityLogger: class com.dotmarketing.portlets.workflows.business.WorkflowAPIImpl : The action id: 'dd4c4b7c-e9d3-4dc0-8fbf-36102f9c6324' has been saved by the user: system -- ip:ukn,user:null
[29/06/23 19:06:52:502 UTC]  INFO util.SecurityLogger: class com.dotmarketing.portlets.workflows.business.WorkflowAPIImpl : The action id: 'c92f9aa1-9503-4567-ac30-d3242b54d02d' has been saved by the user: system -- ip:ukn,user:null
[29/06/23 19:06:52:511 UTC]  INFO util.SecurityLogger: class com.dotmarketing.portlets.workflows.business.WorkflowAPIImpl : The action id: '777f1c6b-c877-4a37-ba4b-10627316c2cc' has been saved by the user: system -- ip:ukn,user:null
[29/06/23 19:06:52:520 UTC]  INFO util.SecurityLogger: class com.dotmarketing.portlets.workflows.business.WorkflowAPIImpl : The action id: '1e0f1c6b-b67f-4c99-983d-db2b4bfa88b2' has been saved by the user: system -- ip:ukn,user:null
[29/06/23 19:06:52:600 UTC]  INFO util.SecurityLogger: class com.dotmarketing.portlets.workflows.business.WorkflowAPIImpl : Saving class parameters by the user: system -- ip:ukn,user:null
[29/06/23 19:06:52:610 UTC]  INFO starter.ImportStarterUtil: **** Importing the file: /data/local/dotsecure/backup/temp/com.dotmarketing.beans.Permission_0000000000.json *****
[29/06/23 19:06:52:611 UTC]  INFO starter.ImportStarterUtil: Importing:	com.dotmarketing.beans.Permission
[29/06/23 19:06:52:616 UTC]  INFO starter.ImportStarterUtil: Found :	20 com.dotmarketing.beans.Permission(s)
[29/06/23 19:06:52:640 UTC]  INFO starter.ImportStarterUtil: **** Importing the file: /data/local/dotsecure/backup/temp/com.dotmarketing.portlets.contentlet.model.ContentletVersionInfo_0000000000.json *****
[29/06/23 19:06:52:642 UTC]  INFO starter.ImportStarterUtil: Importing:	com.dotmarketing.portlets.contentlet.model.ContentletVersionInfo
[29/06/23 19:06:52:645 UTC]  INFO starter.ImportStarterUtil: Found :	3 com.dotmarketing.portlets.contentlet.model.ContentletVersionInfo(s)
[29/06/23 19:06:52:736 UTC]  INFO starter.ImportStarterUtil: **** Importing the file: /data/local/dotsecure/backup/temp/com.dotmarketing.portlets.workflows.model.WorkflowTask_0000000000.json *****
[29/06/23 19:06:52:737 UTC]  INFO starter.ImportStarterUtil: Importing:	com.dotmarketing.portlets.workflows.model.WorkflowTask
[29/06/23 19:06:52:741 UTC]  INFO starter.ImportStarterUtil: Found :	1 com.dotmarketing.portlets.workflows.model.WorkflowTask(s)
[29/06/23 19:06:52:748 UTC]  INFO starter.ImportStarterUtil: **** Importing the file: /data/local/dotsecure/backup/temp/Image.json *****
[29/06/23 19:06:52:748 UTC]  INFO starter.ImportStarterUtil: Importing:	Image
[29/06/23 19:06:59:268 UTC]  INFO starter.ImportStarterUtil: Found :	1 Image(s)
[29/06/23 19:06:59:270 UTC]  INFO starter.ImportStarterUtil: **** Importing the file: /data/local/dotsecure/backup/temp/Portlet.json *****
[29/06/23 19:06:59:270 UTC]  INFO starter.ImportStarterUtil: Importing:	Portlet
[29/06/23 19:06:59:271 UTC]  INFO starter.ImportStarterUtil: Found :	3 Portlet(s)
[29/06/23 19:06:59:278 UTC]  INFO starter.ImportStarterUtil: Done Importing
[29/06/23 19:06:59:283 UTC]  INFO runonce.Task210321RemoveOldMetadataFiles:  executing metadata clean up under path /data/shared/assets
[29/06/23 19:06:59:291 UTC]  INFO db.DotCMSInitDb:  `1` old metadata entries removed and `0` old content files from the starter.
[29/06/23 19:06:59:293 UTC]  INFO timedcache.TimedCacheProvider: ===== Initializing [Timed Cache Provider].
[29/06/23 19:06:59:293 UTC]  INFO timedcache.TimedCacheProvider: ***	 Cache Config Memory : esquerycache: 10000
[29/06/23 19:06:59:293 UTC]  INFO timedcache.TimedCacheProvider: ***	 Cache Config Memory : esquerycountcache: 10000
[29/06/23 19:06:59:293 UTC]  INFO timedcache.TimedCacheProvider: ***	 Cache Config Memory : graphqlquerycache: 5000
[29/06/23 19:06:59:293 UTC]  INFO timedcache.TimedCacheProvider: ***	 Cache Config Memory : default: 1000
[29/06/23 19:06:59:293 UTC]  INFO timedcache.TimedCacheProvider: ***	 Cache Config Memory : adminconfigpool: 100
[29/06/23 19:06:59:293 UTC]  INFO timedcache.TimedCacheProvider: ***	 Cache Config Memory : companypool: 10
[29/06/23 19:06:59:293 UTC]  INFO timedcache.TimedCacheProvider: ***	 Cache Config Memory : contentletcache: 5000
[29/06/23 19:06:59:293 UTC]  INFO timedcache.TimedCacheProvider: ***	 Cache Config Memory : categoryparentscache: 30000
[29/06/23 19:06:59:293 UTC]  INFO timedcache.TimedCacheProvider: ***	 Cache Config Memory : taginodecache: 50000
[29/06/23 19:06:59:293 UTC]  INFO timedcache.TimedCacheProvider: ***	 Cache Config Memory : taginodesbyinodecache: 50000
[29/06/23 19:06:59:293 UTC]  INFO timedcache.TimedCacheProvider: ***	 Cache Config Memory : tagcache: 50000
[29/06/23 19:06:59:293 UTC]  INFO timedcache.TimedCacheProvider: ***	 Cache Config Memory : csscache: 2500
[29/06/23 19:06:59:294 UTC]  INFO timedcache.TimedCacheProvider: ***	 Cache Config Memory : assetmetadatacache: 10000
[29/06/23 19:06:59:294 UTC]  INFO timedcache.TimedCacheProvider: ***	 Cache Config Memory : identifiercache: 50000
[29/06/23 19:06:59:294 UTC]  INFO timedcache.TimedCacheProvider: ***	 Cache Config Memory : identifier404cache: 30000
[29/06/23 19:06:59:294 UTC]  INFO timedcache.TimedCacheProvider: ***	 Cache Config Memory : indiciescache: 8
[29/06/23 19:06:59:294 UTC]  INFO timedcache.TimedCacheProvider: ***	 Cache Config Memory : logmappercache: 10
[29/06/23 19:06:59:294 UTC]  INFO timedcache.TimedCacheProvider: ***	 Cache Config Memory : navcache: 1000
[29/06/23 19:06:59:294 UTC]  INFO timedcache.TimedCacheProvider: ***	 Cache Config Memory : parentpermissionablecache: 10000
[29/06/23 19:06:59:294 UTC]  INFO timedcache.TimedCacheProvider: ***	 Cache Config Memory : permissioncache: 50000
[29/06/23 19:06:59:294 UTC]  INFO timedcache.TimedCacheProvider: ***	 Cache Config Memory : portletpool: 100
[29/06/23 19:06:59:294 UTC]  INFO timedcache.TimedCacheProvider: ***	 Cache Config Memory : publishingendpointcache: 100
[29/06/23 19:06:59:294 UTC]  INFO timedcache.TimedCacheProvider: ***	 Cache Config Memory : pushedassetscache: 5000
[29/06/23 19:06:59:294 UTC]  INFO timedcache.TimedCacheProvider: ***	 Cache Config Memory : templatecache: 500
[29/06/23 19:06:59:294 UTC]  INFO timedcache.TimedCacheProvider: ***	 Cache Config Memory : translatedquerycache: 5000
[29/06/23 19:06:59:294 UTC]  INFO timedcache.TimedCacheProvider: ***	 Cache Config Memory : versioncache: 50000
[29/06/23 19:06:59:294 UTC]  INFO timedcache.TimedCacheProvider: ***	 Cache Config Memory : versioninfocache: 50000
[29/06/23 19:06:59:294 UTC]  INFO timedcache.TimedCacheProvider: ***	 Cache Config Memory : workflowactioncache: 10000
[29/06/23 19:06:59:294 UTC]  INFO timedcache.TimedCacheProvider: ***	 Cache Config Memory : workflowtaskcache: 10000
[29/06/23 19:06:59:294 UTC]  INFO timedcache.TimedCacheProvider: ***	 Cache Config Memory : shortyidcache: 25000
[29/06/23 19:06:59:294 UTC]  INFO timedcache.TimedCacheProvider: ***	 Cache Config Memory : velocitycache: 5000
[29/06/23 19:06:59:294 UTC]  INFO timedcache.TimedCacheProvider: ***	 Cache Config Memory : vanityurldirectcache: 25000
[29/06/23 19:06:59:294 UTC]  INFO timedcache.TimedCacheProvider: ***	 Cache Config Memory : vanityurlsitecache: 5000
[29/06/23 19:06:59:294 UTC]  INFO h22.H22Cache: Start Full Cache Flush in h22
[29/06/23 19:06:59:294 UTC]  INFO h22.H22Cache: Building new H22 Cache, db:0
[29/06/23 19:06:59:295 UTC]  INFO h22.H22HikariPool: H22 on disk cache:jdbc:h2:/data/local/dotsecure/h22cache/0/2023-06-29_19-06-59/cache;MVCC=TRUE;DB_CLOSE_ON_EXIT=FALSE
[29/06/23 19:06:59:368 UTC]  INFO h22.H22Cache: Building new H22 Cache, db:1
[29/06/23 19:06:59:369 UTC]  INFO h22.H22HikariPool: H22 on disk cache:jdbc:h2:/data/local/dotsecure/h22cache/1/2023-06-29_19-06-59/cache;MVCC=TRUE;DB_CLOSE_ON_EXIT=FALSE
[29/06/23 19:06:59:463 UTC]  INFO h22.H22Cache: End Full Cache Flush in h22 : 168ms
[29/06/23 19:06:59:517 UTC]  INFO reindex.ReindexThread: --- Recreating ReindexThread from stopped
[29/06/23 19:06:59:531 UTC]  INFO framework.OSGISystem: Starting: OSGi System Framework
[29/06/23 19:06:59:534 UTC]  INFO framework.OSGISystem: Felix System base dir: /srv/dotserver/tomcat-9.0.60/webapps/ROOT/WEB-INF/felix-system
[29/06/23 19:06:59:546 UTC]  INFO framework.OSGIUtil: Loading Factory org.apache.felix.framework.FrameworkFactory
[29/06/23 19:06:59:997 UTC]  INFO init.SamlInitializer: SAML Init STARTED...
[29/06/23 19:07:01:089 UTC]  INFO init.SamlInitializer: Doing instance of Java Crypto validator
[29/06/23 19:07:01:089 UTC]  INFO init.SamlInitializer: Getting the Security Providers
[29/06/23 19:07:01:089 UTC]  INFO init.SamlInitializer: - SUN (DSA key/parameter generation; DSA signing; SHA-1, MD5 digests; SecureRandom; X.509 certificates; PKCS12, JKS & DKS keystores; PKIX CertPathValidator; PKIX CertPathBuilder; LDAP, Collection CertStores, JavaPolicy Policy; JavaLoginConfig Configuration)
[29/06/23 19:07:01:089 UTC]  INFO init.SamlInitializer: - Sun RSA signature provider
[29/06/23 19:07:01:089 UTC]  INFO init.SamlInitializer: - Sun Elliptic Curve provider (EC, ECDSA, ECDH)
[29/06/23 19:07:01:098 UTC]  INFO init.SamlInitializer: - Sun JSSE provider(PKCS12, SunX509/PKIX key/trust factories, SSLv3/TLSv1/TLSv1.1/TLSv1.2/TLSv1.3/DTLSv1.0/DTLSv1.2)
[29/06/23 19:07:01:098 UTC]  INFO init.SamlInitializer: - SunJCE Provider (implements RSA, DES, Triple DES, AES, Blowfish, ARCFOUR, RC2, PBE, Diffie-Hellman, HMAC, ChaCha20)
[29/06/23 19:07:01:098 UTC]  INFO init.SamlInitializer: - Sun (Kerberos v5, SPNEGO)
[29/06/23 19:07:01:098 UTC]  INFO init.SamlInitializer: - Sun SASL provider(implements client mechanisms for: DIGEST-MD5, EXTERNAL, PLAIN, CRAM-MD5, NTLM; server mechanisms for: DIGEST-MD5, CRAM-MD5, NTLM)
[29/06/23 19:07:01:098 UTC]  INFO init.SamlInitializer: - JdkLDAP Provider (implements LDAP CertStore)
[29/06/23 19:07:01:098 UTC]  INFO init.SamlInitializer: Doing Init of SignatureValidationProvider
[29/06/23 19:07:01:106 UTC]  INFO init.SamlInitializer: SAML Init DONE
[29/06/23 19:07:01:106 UTC]  INFO init.SamlInitializer: Setting basic parser pool
[29/06/23 19:07:01:109 UTC]  INFO osgi.Activator: Adding the SAML Web Filter
[29/06/23 19:07:01:178 UTC]  INFO osgi.Activator: Adding the SAML Web Service: com.dotcms.auth.providers.saml.v1.DotSamlResource
[29/06/23 19:07:01:819 UTC]  INFO osgi.Activator: Subscribing to  AppSecretSavedEvent events
[29/06/23 19:07:02:681 UTC]  INFO framework.OSGISystem: Started : OSGi System Framework
[29/06/23 19:07:02:681 UTC]  INFO reindex.ReindexThread: --- ReindexThread Running (every 60000 millis)
[29/06/23 19:07:02:683 UTC]  INFO db.DotCMSInitDb: Building Initial Index
[29/06/23 19:07:02:688 UTC]  INFO reindex.ReindexThread: ---  ReindexThread is starting, background indexing will begin
[29/06/23 19:07:02:797 UTC]  INFO business.ESIndexAPI: createIndex : Trying to create index: cluster_4c4c10213f.working_20230629190702 with shards: 0
[29/06/23 19:07:02:799 UTC]  INFO util.AdminLogger: class com.dotcms.content.elasticsearch.business.ESIndexAPI : createIndex : Trying to create index: cluster_4c4c10213f.working_20230629190702 with shards: 0
[29/06/23 19:07:02:800 UTC]  WARN business.ESIndexAPI: Unable to parse shards from config
[29/06/23 19:07:02:801 UTC]  WARN business.ESIndexAPI: null
[29/06/23 19:07:02:802 UTC]  WARN business.ESIndexAPI: java.base/java.lang.Integer.parseInt(Integer.java:614)
[29/06/23 19:07:03:173 UTC]  INFO business.ESIndexAPI: createIndex : Index created: cluster_4c4c10213f.working_20230629190702 with shards: 1
[29/06/23 19:07:03:173 UTC]  INFO util.AdminLogger: class com.dotcms.content.elasticsearch.business.ESIndexAPI : createIndex : Index created: cluster_4c4c10213f.working_20230629190702 with shards: 1
[29/06/23 19:07:03:284 UTC]  INFO business.ESIndexAPI: createIndex : Trying to create index: cluster_4c4c10213f.live_20230629190702 with shards: 0
[29/06/23 19:07:03:284 UTC]  INFO util.AdminLogger: class com.dotcms.content.elasticsearch.business.ESIndexAPI : createIndex : Trying to create index: cluster_4c4c10213f.live_20230629190702 with shards: 0
[29/06/23 19:07:03:284 UTC]  WARN business.ESIndexAPI: Unable to parse shards from config
[29/06/23 19:07:03:284 UTC]  WARN business.ESIndexAPI: null
[29/06/23 19:07:03:284 UTC]  WARN business.ESIndexAPI: java.base/java.lang.Integer.parseInt(Integer.java:614)
[29/06/23 19:07:03:475 UTC]  INFO business.ESIndexAPI: createIndex : Index created: cluster_4c4c10213f.live_20230629190702 with shards: 1
[29/06/23 19:07:03:475 UTC]  INFO util.AdminLogger: class com.dotcms.content.elasticsearch.business.ESIndexAPI : createIndex : Index created: cluster_4c4c10213f.live_20230629190702 with shards: 1
